==========================================================================================
Information:
Exchange parameters generated by TB2J 0.7.4.4
Generation time: 23/07/17 19:17:29
 Input from non-collinear Wannier90 data.
 Tight binding data from ./.
 Prefix of wannier function files:GdSeI.
Warning: Please check if the noise level of Wannier function Hamiltonian to make sure it is much smaller than the exchange values.
 The DMI component parallel to the spin orientation, the Jani which has the component of that orientation should be disregarded
 e.g. if the spins are along z, the xz, yz, zz, zx, zy components and the z component of DMI.
 If you need these component, try to do three calculations with spin along x, y, z,  or use structure with z rotated to x, y and z. And then use TB2J_merge.py to get the full set of parameters.


==========================================================================================
Cell (Angstrom):
 4.145   0.000   0.000
 0.000   5.650   0.000
 0.000   0.000  26.890

==========================================================================================
Atoms:
(Note: charge and magmoms only count the wannier functions.)
Atom_number      x         y         z     w_charge    M(x)      M(y)      M(z)
Gd1             1.0364    4.2373    9.4074    7.0122    6.9553    0.0000    0.0030
Gd2             3.1091    1.4124    7.1401    7.0117    6.9558    0.0000    0.0029
Se1             1.0364    1.4124    9.1053    5.9904    0.0095    0.0000    0.0000
Se2             3.1091    4.2373    7.4590    5.9905    0.0094    0.0000    0.0000
I1              3.1091    4.2373   11.6359    5.9963    0.0036   -0.0000    0.0000
I2              1.0364    1.4124    4.9091    5.9964    0.0034    0.0000    0.0000
Total                                        37.9974   13.9369    0.0000    0.0059

==========================================================================================
Exchange:
    i      j          R        J_iso(meV)          vector          distance(A)
----------------------------------------------------------------------------------------
   Gd1   Gd1   ( -1,   0,   0) -0.1196   (-4.145,  0.000,  0.000)  4.145
J_iso: -0.1196
[Testing!] DMI: ( 0.0000 -0.0046  0.0000)
[Testing!]J_ani:
[[ 0.026  0.    -0.   ]
 [ 0.    -0.004  0.   ]
 [-0.     0.    -0.001]]
----------------------------------------------------------------------------------------
   Gd2   Gd2   ( -1,   0,   0) -0.1147   (-4.145,  0.000,  0.000)  4.145
J_iso: -0.1147
[Testing!] DMI: ( 0.0000  0.0043  0.0000)
[Testing!]J_ani:
[[ 0.025  0.    -0.   ]
 [ 0.    -0.004  0.   ]
 [-0.     0.    -0.001]]
----------------------------------------------------------------------------------------
   Gd1   Gd1   (  1,   0,   0) -0.1196   ( 4.145,  0.000,  0.000)  4.145
J_iso: -0.1196
[Testing!] DMI: (-0.0000  0.0046 -0.0000)
[Testing!]J_ani:
[[ 0.026  0.    -0.   ]
 [ 0.    -0.004  0.   ]
 [-0.     0.    -0.001]]
----------------------------------------------------------------------------------------
   Gd2   Gd2   (  1,   0,   0) -0.1147   ( 4.145,  0.000,  0.000)  4.145
J_iso: -0.1147
[Testing!] DMI: (-0.0000 -0.0043 -0.0000)
[Testing!]J_ani:
[[ 0.025  0.    -0.   ]
 [ 0.    -0.004  0.   ]
 [-0.     0.    -0.001]]
----------------------------------------------------------------------------------------
   Gd2   Gd1   (  0,  -1,   0) -0.1632   (-2.073, -2.825,  2.267)  4.173
J_iso: -0.1632
[Testing!] DMI: (-0.0006  0.0002 -0.0000)
[Testing!]J_ani:
[[ 0.04   0.     0.003]
 [ 0.    -0.004 -0.001]
 [ 0.003 -0.001 -0.004]]
----------------------------------------------------------------------------------------
   Gd1   Gd2   (  0,   1,   0) -0.1632   ( 2.073,  2.825, -2.267)  4.173
J_iso: -0.1632
[Testing!] DMI: ( 0.0006 -0.0002  0.0000)
[Testing!]J_ani:
[[ 0.04   0.     0.003]
 [ 0.    -0.004 -0.001]
 [ 0.003 -0.001 -0.004]]
----------------------------------------------------------------------------------------
   Gd1   Gd2   ( -1,   1,   0) -0.1632   (-2.073,  2.825, -2.267)  4.173
J_iso: -0.1632
[Testing!] DMI: ( 0.0006  0.0002  0.0000)
[Testing!]J_ani:
[[ 0.04  -0.    -0.003]
 [-0.    -0.004 -0.001]
 [-0.003 -0.001 -0.004]]
----------------------------------------------------------------------------------------
   Gd2   Gd1   (  1,  -1,   0) -0.1632   ( 2.073, -2.825,  2.267)  4.173
J_iso: -0.1632
[Testing!] DMI: (-0.0006 -0.0002 -0.0000)
[Testing!]J_ani:
[[ 0.04  -0.    -0.003]
 [-0.    -0.004 -0.001]
 [-0.003 -0.001 -0.004]]
----------------------------------------------------------------------------------------
   Gd1   Gd2   (  0,   0,   0) -0.1632   ( 2.073, -2.825, -2.267)  4.173
J_iso: -0.1632
[Testing!] DMI: (-0.0006 -0.0002 -0.0000)
[Testing!]J_ani:
[[ 0.04  -0.     0.003]
 [-0.    -0.004  0.001]
 [ 0.003  0.001 -0.004]]
----------------------------------------------------------------------------------------
   Gd2   Gd1   (  0,   0,   0) -0.1632   (-2.073,  2.825,  2.267)  4.173
J_iso: -0.1632
[Testing!] DMI: ( 0.0006  0.0002  0.0000)
[Testing!]J_ani:
[[ 0.04  -0.     0.003]
 [-0.    -0.004  0.001]
 [ 0.003  0.001 -0.004]]
----------------------------------------------------------------------------------------
   Gd1   Gd2   ( -1,   0,   0) -0.1632   (-2.073, -2.825, -2.267)  4.173
J_iso: -0.1632
[Testing!] DMI: (-0.0006  0.0002 -0.0000)
[Testing!]J_ani:
[[ 0.04   0.    -0.003]
 [ 0.    -0.004  0.001]
 [-0.003  0.001 -0.004]]
----------------------------------------------------------------------------------------
   Gd2   Gd1   (  1,   0,   0) -0.1632   ( 2.073,  2.825,  2.267)  4.173
J_iso: -0.1632
[Testing!] DMI: ( 0.0006 -0.0002  0.0000)
[Testing!]J_ani:
[[ 0.04   0.    -0.003]
 [ 0.    -0.004  0.001]
 [-0.003  0.001 -0.004]]
----------------------------------------------------------------------------------------
   Gd1   Gd1   (  0,   1,   0) -0.0928   ( 0.000,  5.650,  0.000)  5.650
J_iso: -0.0928
[Testing!] DMI: (-0.0063  0.0000 -0.0000)
[Testing!]J_ani:
[[-0.02   0.    -0.   ]
 [ 0.    -0.001  0.   ]
 [-0.     0.    -0.001]]
----------------------------------------------------------------------------------------
   Gd1   Gd1   (  0,  -1,   0) -0.0928   ( 0.000, -5.650,  0.000)  5.650
J_iso: -0.0928
[Testing!] DMI: ( 0.0063 -0.0000  0.0000)
[Testing!]J_ani:
[[-0.02   0.    -0.   ]
 [ 0.    -0.001  0.   ]
 [-0.     0.    -0.001]]
----------------------------------------------------------------------------------------
   Gd2   Gd2   (  0,  -1,   0) -0.0911   ( 0.000, -5.650,  0.000)  5.650
J_iso: -0.0911
[Testing!] DMI: (-0.0059  0.0000 -0.0000)
[Testing!]J_ani:
[[-0.016  0.    -0.   ]
 [ 0.    -0.001 -0.   ]
 [-0.    -0.    -0.001]]
----------------------------------------------------------------------------------------
   Gd2   Gd2   (  0,   1,   0) -0.0911   ( 0.000,  5.650,  0.000)  5.650
J_iso: -0.0911
[Testing!] DMI: ( 0.0059 -0.0000  0.0000)
[Testing!]J_ani:
[[-0.016  0.    -0.   ]
 [ 0.    -0.001 -0.   ]
 [-0.    -0.    -0.001]]
----------------------------------------------------------------------------------------
   Gd1   Gd1   ( -1,   1,   0) -0.0025   (-4.145,  5.650,  0.000)  7.007
J_iso: -0.0025
[Testing!] DMI: (-0.0000  0.0002 -0.0000)
[Testing!]J_ani:
[[-0.012  0.    -0.   ]
 [ 0.    -0.     0.   ]
 [-0.     0.    -0.   ]]
----------------------------------------------------------------------------------------
   Gd1   Gd1   (  1,   1,   0) -0.0025   ( 4.145,  5.650,  0.000)  7.007
J_iso: -0.0025
[Testing!] DMI: (-0.0000 -0.0002 -0.0000)
[Testing!]J_ani:
[[-0.012 -0.    -0.   ]
 [-0.    -0.    -0.   ]
 [-0.    -0.    -0.   ]]
----------------------------------------------------------------------------------------
   Gd1   Gd1   ( -1,  -1,   0) -0.0025   (-4.145, -5.650,  0.000)  7.007
J_iso: -0.0025
[Testing!] DMI: ( 0.0000  0.0002  0.0000)
[Testing!]J_ani:
[[-0.012 -0.    -0.   ]
 [-0.    -0.    -0.   ]
 [-0.    -0.    -0.   ]]
----------------------------------------------------------------------------------------
   Gd2   Gd2   ( -1,  -1,   0) -0.0023   (-4.145, -5.650,  0.000)  7.007
J_iso: -0.0023
[Testing!] DMI: (-0.0000 -0.0002 -0.0000)
[Testing!]J_ani:
[[-0.011 -0.    -0.   ]
 [-0.    -0.    -0.   ]
 [-0.    -0.    -0.   ]]
----------------------------------------------------------------------------------------
   Gd2   Gd2   ( -1,   1,   0) -0.0023   (-4.145,  5.650,  0.000)  7.007
J_iso: -0.0023
[Testing!] DMI: ( 0.0000 -0.0002  0.0000)
[Testing!]J_ani:
[[-0.011  0.    -0.   ]
 [ 0.    -0.     0.   ]
 [-0.     0.    -0.   ]]
----------------------------------------------------------------------------------------
   Gd1   Gd1   (  1,  -1,   0) -0.0025   ( 4.145, -5.650,  0.000)  7.007
J_iso: -0.0025
[Testing!] DMI: ( 0.0000 -0.0002  0.0000)
[Testing!]J_ani:
[[-0.012  0.    -0.   ]
 [ 0.    -0.     0.   ]
 [-0.     0.    -0.   ]]
----------------------------------------------------------------------------------------
   Gd2   Gd2   (  1,  -1,   0) -0.0023   ( 4.145, -5.650,  0.000)  7.007
J_iso: -0.0023
[Testing!] DMI: (-0.0000  0.0002 -0.0000)
[Testing!]J_ani:
[[-0.011  0.    -0.   ]
 [ 0.    -0.     0.   ]
 [-0.     0.    -0.   ]]
----------------------------------------------------------------------------------------
   Gd2   Gd2   (  1,   1,   0) -0.0023   ( 4.145,  5.650,  0.000)  7.007
J_iso: -0.0023
[Testing!] DMI: ( 0.0000  0.0002  0.0000)
[Testing!]J_ani:
[[-0.011 -0.    -0.   ]
 [-0.    -0.    -0.   ]
 [-0.    -0.    -0.   ]]
----------------------------------------------------------------------------------------
   Gd2   Gd1   ( -1,  -1,   0) -0.0011   (-6.218, -2.825,  2.267)  7.196
J_iso: -0.0011
[Testing!] DMI: (-0.0000 -0.0000 -0.0000)
[Testing!]J_ani:
[[-0.004 -0.    -0.   ]
 [-0.    -0.    -0.   ]
 [-0.    -0.    -0.   ]]
----------------------------------------------------------------------------------------
   Gd1   Gd2   (  1,   1,   0) -0.0011   ( 6.218,  2.825, -2.267)  7.196
J_iso: -0.0011
[Testing!] DMI: ( 0.0000  0.0000  0.0000)
[Testing!]J_ani:
[[-0.004 -0.    -0.   ]
 [-0.    -0.    -0.   ]
 [-0.    -0.    -0.   ]]
----------------------------------------------------------------------------------------
   Gd2   Gd1   ( -1,   0,   0) -0.0011   (-6.218,  2.825,  2.267)  7.196
J_iso: -0.0011
[Testing!] DMI: ( 0.0000 -0.0000  0.0000)
[Testing!]J_ani:
[[-0.004  0.    -0.   ]
 [ 0.    -0.     0.   ]
 [-0.     0.    -0.   ]]
----------------------------------------------------------------------------------------
   Gd1   Gd2   (  1,   0,   0) -0.0011   ( 6.218, -2.825, -2.267)  7.196
J_iso: -0.0011
[Testing!] DMI: (-0.0000  0.0000 -0.0000)
[Testing!]J_ani:
[[-0.004  0.    -0.   ]
 [ 0.    -0.     0.   ]
 [-0.     0.    -0.   ]]
----------------------------------------------------------------------------------------
   Gd1   Gd2   ( -2,   1,   0) -0.0011   (-6.218,  2.825, -2.267)  7.196
J_iso: -0.0011
[Testing!] DMI: ( 0.0000 -0.0000 -0.0000)
[Testing!]J_ani:
[[-0.004  0.     0.   ]
 [ 0.    -0.    -0.   ]
 [ 0.    -0.    -0.   ]]
----------------------------------------------------------------------------------------
   Gd2   Gd1   (  2,  -1,   0) -0.0011   ( 6.218, -2.825,  2.267)  7.196
J_iso: -0.0011
[Testing!] DMI: (-0.0000  0.0000  0.0000)
[Testing!]J_ani:
[[-0.004  0.     0.   ]
 [ 0.    -0.    -0.   ]
 [ 0.    -0.    -0.   ]]
----------------------------------------------------------------------------------------
   Gd1   Gd2   ( -2,   0,   0) -0.0011   (-6.218, -2.825, -2.267)  7.196
J_iso: -0.0011
[Testing!] DMI: (-0.0000 -0.0000  0.0000)
[Testing!]J_ani:
[[-0.004 -0.     0.   ]
 [-0.    -0.     0.   ]
 [ 0.     0.    -0.   ]]
----------------------------------------------------------------------------------------
   Gd2   Gd1   (  2,   0,   0) -0.0011   ( 6.218,  2.825,  2.267)  7.196
J_iso: -0.0011
[Testing!] DMI: ( 0.0000  0.0000 -0.0000)
[Testing!]J_ani:
[[-0.004 -0.     0.   ]
 [-0.    -0.     0.   ]
 [ 0.     0.    -0.   ]]
----------------------------------------------------------------------------------------
   Gd2   Gd2   (  2,   0,   0) -0.0027   ( 8.291,  0.000,  0.000)  8.291
J_iso: -0.0027
[Testing!] DMI: (-0.0000 -0.0003 -0.0000)
[Testing!]J_ani:
[[-0.002  0.    -0.   ]
 [ 0.    -0.     0.   ]
 [-0.     0.    -0.   ]]
----------------------------------------------------------------------------------------
   Gd1   Gd1   ( -2,   0,   0) -0.0027   (-8.291,  0.000,  0.000)  8.291
J_iso: -0.0027
[Testing!] DMI: (-0.0000 -0.0003  0.0000)
[Testing!]J_ani:
[[-0.002  0.    -0.   ]
 [ 0.    -0.     0.   ]
 [-0.     0.    -0.   ]]
----------------------------------------------------------------------------------------
   Gd2   Gd2   ( -2,   0,   0) -0.0027   (-8.291,  0.000,  0.000)  8.291
J_iso: -0.0027
[Testing!] DMI: ( 0.0000  0.0003  0.0000)
[Testing!]J_ani:
[[-0.002  0.    -0.   ]
 [ 0.    -0.     0.   ]
 [-0.     0.    -0.   ]]
----------------------------------------------------------------------------------------
   Gd1   Gd1   (  2,   0,   0) -0.0027   ( 8.291,  0.000,  0.000)  8.291
J_iso: -0.0027
[Testing!] DMI: ( 0.0000  0.0003 -0.0000)
[Testing!]J_ani:
[[-0.002  0.    -0.   ]
 [ 0.    -0.     0.   ]
 [-0.     0.    -0.   ]]
----------------------------------------------------------------------------------------
   Gd1   Gd2   (  0,   2,   0) -0.0037   ( 2.073,  8.475, -2.267)  9.014
J_iso: -0.0037
[Testing!] DMI: (-0.0000  0.0000  0.0000)
[Testing!]J_ani:
[[-0.003 -0.     0.   ]
 [-0.    -0.    -0.   ]
 [ 0.    -0.    -0.   ]]
----------------------------------------------------------------------------------------
   Gd2   Gd1   (  0,  -2,   0) -0.0037   (-2.073, -8.475,  2.267)  9.014
J_iso: -0.0037
[Testing!] DMI: ( 0.0000 -0.0000 -0.0000)
[Testing!]J_ani:
[[-0.003 -0.     0.   ]
 [-0.    -0.    -0.   ]
 [ 0.    -0.    -0.   ]]
----------------------------------------------------------------------------------------
   Gd1   Gd2   ( -1,   2,   0) -0.0037   (-2.073,  8.475, -2.267)  9.014
J_iso: -0.0037
[Testing!] DMI: (-0.0000 -0.0000 -0.0000)
[Testing!]J_ani:
[[-0.003  0.    -0.   ]
 [ 0.    -0.    -0.   ]
 [-0.    -0.    -0.   ]]
----------------------------------------------------------------------------------------
   Gd2   Gd1   (  1,  -2,   0) -0.0037   ( 2.073, -8.475,  2.267)  9.014
J_iso: -0.0037
[Testing!] DMI: ( 0.0000  0.0000  0.0000)
[Testing!]J_ani:
[[-0.003  0.    -0.   ]
 [ 0.    -0.    -0.   ]
 [-0.    -0.    -0.   ]]
----------------------------------------------------------------------------------------
   Gd1   Gd2   (  0,  -1,   0) -0.0037   ( 2.073, -8.475, -2.267)  9.014
J_iso: -0.0037
[Testing!] DMI: ( 0.0000  0.0000 -0.0000)
[Testing!]J_ani:
[[-0.003  0.     0.   ]
 [ 0.    -0.     0.   ]
 [ 0.     0.    -0.   ]]
----------------------------------------------------------------------------------------
   Gd2   Gd1   (  0,   1,   0) -0.0037   (-2.073,  8.475,  2.267)  9.014
J_iso: -0.0037
[Testing!] DMI: (-0.0000 -0.0000  0.0000)
[Testing!]J_ani:
[[-0.003  0.     0.   ]
 [ 0.    -0.     0.   ]
 [ 0.     0.    -0.   ]]
----------------------------------------------------------------------------------------
   Gd1   Gd2   ( -1,  -1,   0) -0.0037   (-2.073, -8.475, -2.267)  9.014
J_iso: -0.0037
[Testing!] DMI: ( 0.0000 -0.0000  0.0000)
[Testing!]J_ani:
[[-0.003 -0.    -0.   ]
 [-0.    -0.     0.   ]
 [-0.     0.    -0.   ]]
----------------------------------------------------------------------------------------
   Gd2   Gd1   (  1,   1,   0) -0.0037   ( 2.073,  8.475,  2.267)  9.014
J_iso: -0.0037
[Testing!] DMI: (-0.0000  0.0000 -0.0000)
[Testing!]J_ani:
[[-0.003 -0.    -0.   ]
 [-0.    -0.     0.   ]
 [-0.     0.    -0.   ]]