==========================================================================================
Information: 
Exchange parameters generated by TB2J 0.7.4.4
Generation time: 23/05/31 16:20:39
 Input from non-collinear Wannier90 data.
 Tight binding data from ./. 
 Prefix of wannier function files:cri3.100.z.4.0.
Warning: Please check if the noise level of Wannier function Hamiltonian to make sure it is much smaller than the exchange values.
 The DMI component parallel to the spin orientation, the Jani which has the component of that orientation should be disregarded
 e.g. if the spins are along z, the xz, yz, zz, zx, zy components and the z component of DMI.
 If you need these component, try to do three calculations with spin along x, y, z,  or use structure with z rotated to x, y and z. And then use TB2J_merge.py to get the full set of parameters.


Merged from TB2J results in paths: 
  ./x/TB2J_results.100.x
  ./y/TB2J_results.100.y
  ./z/TB2J_results.100.z
, which are from DFT data with spin along x, y, z orientation

==========================================================================================
Cell (Angstrom):
 7.176   0.000   0.000
-3.588   6.215   0.000
 0.000   0.000  21.000

==========================================================================================
Atoms:  
(Note: charge and magmoms only count the wannier functions.)
Atom_number      x         y         z     w_charge    M(x)      M(y)      M(z)   
Cr1            -0.0000    4.1432    6.6023    4.5114   -0.0000   -0.0000    3.8802
Cr2             0.0000    0.0000    6.6023    4.5114   -0.0000   -0.0000    3.8802
I1             -1.0312    2.0716    4.9838    5.4957   -0.0054    0.0000   -0.2711
I2              2.3097    4.2859    4.9838    5.4957    0.0027   -0.0047   -0.2711
I3              2.3097   -0.1427    4.9838    5.4957    0.0027    0.0047   -0.2711
I4              1.0312    2.0716    8.2208    5.4944   -0.0055    0.0000   -0.2722
I5              4.8665   -0.1427    8.2208    5.4944    0.0027   -0.0047   -0.2722
I6             -2.3097    4.2859    8.2208    5.4944    0.0027    0.0048   -0.2722
Total                                        41.9928   -0.0002    0.0001    6.1304

==========================================================================================
Orbitals used in decomposition: 
The name of the orbitals for the decomposition: 
Cr1 : ['orb_1', 'orb_2', 'orb_3', 'orb_4', 'orb_5', 'orb_6', 'orb_7', 'orb_8', 'orb_9', 'orb_10']
Cr2 : ['orb_1', 'orb_2', 'orb_3', 'orb_4', 'orb_5', 'orb_6', 'orb_7', 'orb_8', 'orb_9', 'orb_10']

==========================================================================================
Exchange: 
    i      j          R        J_iso(meV)          vector          distance(A) 
----------------------------------------------------------------------------------------
   Cr2   Cr1   (  0,  -1,   0)  3.0951   ( 3.588, -2.072,  0.000)  4.143 
J_iso:  3.0951 
[Testing!] DMI: ( 0.0006 -0.0005 -0.0003)
[Testing!]J_ani:
[[-1.205 -0.439 -0.251]
 [-0.439 -1.996 -0.43 ]
 [-0.251 -0.43  -1.169]]
----------------------------------------------------------------------------------------
   Cr1   Cr2   (  0,   1,   0)  3.0951   (-3.588,  2.072,  0.000)  4.143 
J_iso:  3.0951 
[Testing!] DMI: (-0.0006  0.0005  0.0003)
[Testing!]J_ani:
[[-1.205 -0.439 -0.251]
 [-0.439 -1.996 -0.43 ]
 [-0.251 -0.43  -1.169]]
----------------------------------------------------------------------------------------
   Cr2   Cr1   ( -1,  -1,   0)  3.0951   (-3.588, -2.072,  0.000)  4.143 
J_iso:  3.0951 
[Testing!] DMI: ( 0.0006  0.0005 -0.0002)
[Testing!]J_ani:
[[-1.205  0.439 -0.251]
 [ 0.439 -1.996  0.43 ]
 [-0.251  0.43  -1.169]]
----------------------------------------------------------------------------------------
   Cr1   Cr2   (  1,   1,   0)  3.0951   ( 3.588,  2.072,  0.000)  4.143 
J_iso:  3.0951 
[Testing!] DMI: (-0.0006 -0.0005  0.0002)
[Testing!]J_ani:
[[-1.205  0.439 -0.251]
 [ 0.439 -1.996  0.43 ]
 [-0.251  0.43  -1.169]]
----------------------------------------------------------------------------------------
   Cr1   Cr2   (  0,   0,   0)  3.0935   ( 0.000, -4.143,  0.000)  4.143 
J_iso:  3.0935 
[Testing!] DMI: ( 0.0027 -0.0000 -0.0002)
[Testing!]J_ani:
[[-2.4   -0.     0.501]
 [-0.    -0.815 -0.   ]
 [ 0.501 -0.    -1.16 ]]
----------------------------------------------------------------------------------------
   Cr2   Cr1   (  0,   0,   0)  3.0935   (-0.000,  4.143,  0.000)  4.143 
J_iso:  3.0935 
[Testing!] DMI: (-0.0027  0.0000  0.0002)
[Testing!]J_ani:
[[-2.4   -0.     0.501]
 [-0.    -0.815 -0.   ]
 [ 0.501 -0.    -1.16 ]]
----------------------------------------------------------------------------------------
   Cr1   Cr1   ( -1,  -1,   0)  1.1034   (-3.588, -6.215,  0.000)  7.176 
J_iso:  1.1034 
[Testing!] DMI: (-0.0320 -0.0566  0.0672)
[Testing!]J_ani:
[[-0.139 -0.062 -0.04 ]
 [-0.062 -0.277 -0.069]
 [-0.04  -0.069 -0.244]]
----------------------------------------------------------------------------------------
   Cr2   Cr2   ( -1,  -1,   0)  1.1035   (-3.588, -6.215,  0.000)  7.176 
J_iso:  1.1035 
[Testing!] DMI: ( 0.0312  0.0589 -0.0664)
[Testing!]J_ani:
[[-0.139 -0.062 -0.04 ]
 [-0.062 -0.277 -0.069]
 [-0.04  -0.069 -0.245]]
----------------------------------------------------------------------------------------
   Cr2   Cr2   (  1,   1,   0)  1.1035   ( 3.588,  6.215,  0.000)  7.176 
J_iso:  1.1035 
[Testing!] DMI: (-0.0312 -0.0589  0.0664)
[Testing!]J_ani:
[[-0.139 -0.062 -0.04 ]
 [-0.062 -0.277 -0.069]
 [-0.04  -0.069 -0.245]]
----------------------------------------------------------------------------------------
   Cr1   Cr1   (  1,   1,   0)  1.1034   ( 3.588,  6.215,  0.000)  7.176 
J_iso:  1.1034 
[Testing!] DMI: ( 0.0320  0.0566 -0.0672)
[Testing!]J_ani:
[[-0.139 -0.062 -0.04 ]
 [-0.062 -0.277 -0.069]
 [-0.04  -0.069 -0.244]]
----------------------------------------------------------------------------------------
   Cr1   Cr1   ( -1,   0,   0)  1.1074   (-7.176,  0.000,  0.000)  7.176 
J_iso:  1.1074 
[Testing!] DMI: (-0.0650 -0.0000 -0.0655)
[Testing!]J_ani:
[[-0.347 -0.     0.081]
 [-0.    -0.069 -0.   ]
 [ 0.081 -0.    -0.248]]
----------------------------------------------------------------------------------------
   Cr2   Cr2   ( -1,   0,   0)  1.1074   (-7.176,  0.000,  0.000)  7.176 
J_iso:  1.1074 
[Testing!] DMI: ( 0.0650 -0.0000  0.0655)
[Testing!]J_ani:
[[-0.347  0.     0.081]
 [ 0.    -0.069  0.   ]
 [ 0.081  0.    -0.248]]
----------------------------------------------------------------------------------------
   Cr1   Cr1   (  1,   0,   0)  1.1074   ( 7.176,  0.000,  0.000)  7.176 
J_iso:  1.1074 
[Testing!] DMI: ( 0.0650  0.0000  0.0655)
[Testing!]J_ani:
[[-0.347 -0.     0.081]
 [-0.    -0.069 -0.   ]
 [ 0.081 -0.    -0.248]]
----------------------------------------------------------------------------------------
   Cr2   Cr2   (  1,   0,   0)  1.1074   ( 7.176,  0.000,  0.000)  7.176 
J_iso:  1.1074 
[Testing!] DMI: (-0.0650  0.0000 -0.0655)
[Testing!]J_ani:
[[-0.347  0.     0.081]
 [ 0.    -0.069  0.   ]
 [ 0.081  0.    -0.248]]
----------------------------------------------------------------------------------------
   Cr1   Cr1   (  0,  -1,   0)  1.1034   ( 3.588, -6.215,  0.000)  7.176 
J_iso:  1.1034 
[Testing!] DMI: ( 0.0312 -0.0590 -0.0664)
[Testing!]J_ani:
[[-0.139  0.062 -0.04 ]
 [ 0.062 -0.277  0.069]
 [-0.04   0.069 -0.245]]
----------------------------------------------------------------------------------------
   Cr2   Cr2   (  0,  -1,   0)  1.1034   ( 3.588, -6.215,  0.000)  7.176 
J_iso:  1.1034 
[Testing!] DMI: (-0.0320  0.0566  0.0672)
[Testing!]J_ani:
[[-0.139  0.062 -0.04 ]
 [ 0.062 -0.277  0.069]
 [-0.04   0.069 -0.244]]
----------------------------------------------------------------------------------------
   Cr2   Cr2   (  0,   1,   0)  1.1034   (-3.588,  6.215,  0.000)  7.176 
J_iso:  1.1034 
[Testing!] DMI: ( 0.0320 -0.0566 -0.0672)
[Testing!]J_ani:
[[-0.139  0.062 -0.04 ]
 [ 0.062 -0.277  0.069]
 [-0.04   0.069 -0.244]]
----------------------------------------------------------------------------------------
   Cr1   Cr1   (  0,   1,   0)  1.1034   (-3.588,  6.215,  0.000)  7.176 
J_iso:  1.1034 
[Testing!] DMI: (-0.0312  0.0590  0.0664)
[Testing!]J_ani:
[[-0.139  0.062 -0.04 ]
 [ 0.062 -0.277  0.069]
 [-0.04   0.069 -0.245]]
----------------------------------------------------------------------------------------
   Cr1   Cr2   ( -1,   0,   0)  0.1705   (-7.176, -4.143,  0.000)  8.286 
J_iso:  0.1705 
[Testing!] DMI: (-0.0000 -0.0000  0.0003)
[Testing!]J_ani:
[[-0.045  0.009 -0.007]
 [ 0.009 -0.063  0.01 ]
 [-0.007  0.01  -0.074]]
----------------------------------------------------------------------------------------
   Cr2   Cr1   (  1,   0,   0)  0.1705   ( 7.176,  4.143,  0.000)  8.286 
J_iso:  0.1705 
[Testing!] DMI: ( 0.0000  0.0000 -0.0003)
[Testing!]J_ani:
[[-0.045  0.009 -0.007]
 [ 0.009 -0.063  0.01 ]
 [-0.007  0.01  -0.074]]
----------------------------------------------------------------------------------------
   Cr1   Cr2   (  1,   2,   0)  0.1680   ( 0.000,  8.286,  0.000)  8.286 
J_iso:  0.1680 
[Testing!] DMI: (-0.0002 -0.0000  0.0001)
[Testing!]J_ani:
[[-0.07  -0.     0.01 ]
 [-0.    -0.034 -0.   ]
 [ 0.01  -0.    -0.071]]
----------------------------------------------------------------------------------------
   Cr2   Cr1   ( -1,  -2,   0)  0.1680   (-0.000, -8.286,  0.000)  8.286 
J_iso:  0.1680 
[Testing!] DMI: ( 0.0002  0.0000 -0.0001)
[Testing!]J_ani:
[[-0.07  -0.     0.01 ]
 [-0.    -0.034 -0.   ]
 [ 0.01  -0.    -0.071]]
----------------------------------------------------------------------------------------
   Cr2   Cr1   ( -1,   0,   0)  0.1704   (-7.176,  4.143,  0.000)  8.286 
J_iso:  0.1704 
[Testing!] DMI: ( 0.0000 -0.0000 -0.0003)
[Testing!]J_ani:
[[-0.045 -0.009 -0.007]
 [-0.009 -0.063 -0.01 ]
 [-0.007 -0.01  -0.074]]
----------------------------------------------------------------------------------------
   Cr1   Cr2   (  1,   0,   0)  0.1704   ( 7.176, -4.143,  0.000)  8.286 
J_iso:  0.1704 
[Testing!] DMI: (-0.0000  0.0000  0.0003)
[Testing!]J_ani:
[[-0.045 -0.009 -0.007]
 [-0.009 -0.063 -0.01 ]
 [-0.007 -0.01  -0.074]]
----------------------------------------------------------------------------------------
   Cr1   Cr2   ( -1,   1,   0)  0.0137   (-10.764,  2.072,  0.000) 10.962 
J_iso:  0.0137 
[Testing!] DMI: ( 0.0001  0.0000 -0.0000)
[Testing!]J_ani:
[[-0.009 -0.001 -0.   ]
 [-0.001 -0.015 -0.001]
 [-0.    -0.001 -0.012]]
----------------------------------------------------------------------------------------
   Cr2   Cr1   (  1,  -1,   0)  0.0137   (10.764, -2.072,  0.000) 10.962 
J_iso:  0.0137 
[Testing!] DMI: (-0.0001 -0.0000  0.0000)
[Testing!]J_ani:
[[-0.009 -0.001 -0.   ]
 [-0.001 -0.015 -0.001]
 [-0.    -0.001 -0.012]]
----------------------------------------------------------------------------------------
   Cr1   Cr2   (  0,   2,   0)  0.0140   (-7.176,  8.286,  0.000) 10.962 
J_iso:  0.0140 
[Testing!] DMI: (-0.0000  0.0001 -0.0001)
[Testing!]J_ani:
[[-0.009 -0.004 -0.   ]
 [-0.004 -0.014  0.   ]
 [-0.     0.    -0.011]]
----------------------------------------------------------------------------------------
   Cr2   Cr1   (  0,  -2,   0)  0.0140   ( 7.176, -8.286,  0.000) 10.962 
J_iso:  0.0140 
[Testing!] DMI: ( 0.0000 -0.0001  0.0001)
[Testing!]J_ani:
[[-0.009 -0.004 -0.   ]
 [-0.004 -0.014  0.   ]
 [-0.     0.    -0.011]]
----------------------------------------------------------------------------------------
   Cr1   Cr2   (  2,   2,   0)  0.0140   ( 7.176,  8.286,  0.000) 10.962 
J_iso:  0.0140 
[Testing!] DMI: (-0.0000 -0.0001 -0.0001)
[Testing!]J_ani:
[[-0.009  0.004 -0.   ]
 [ 0.004 -0.014 -0.   ]
 [-0.    -0.    -0.011]]
----------------------------------------------------------------------------------------
   Cr2   Cr1   ( -2,  -2,   0)  0.0140   (-7.176, -8.286,  0.000) 10.962 
J_iso:  0.0140 
[Testing!] DMI: ( 0.0000  0.0001  0.0001)
[Testing!]J_ani:
[[-0.009  0.004 -0.   ]
 [ 0.004 -0.014 -0.   ]
 [-0.    -0.    -0.011]]
----------------------------------------------------------------------------------------
   Cr1   Cr2   ( -1,  -1,   0)  0.0140   (-3.588, -10.358,  0.000) 10.962 
J_iso:  0.0140 
[Testing!] DMI: (-0.0001 -0.0000 -0.0001)
[Testing!]J_ani:
[[-0.018  0.002 -0.   ]
 [ 0.002 -0.008  0.001]
 [-0.     0.001 -0.011]]
----------------------------------------------------------------------------------------
   Cr2   Cr1   (  1,   1,   0)  0.0140   ( 3.588, 10.358,  0.000) 10.962 
J_iso:  0.0140 
[Testing!] DMI: ( 0.0001  0.0000  0.0001)
[Testing!]J_ani:
[[-0.018  0.002 -0.   ]
 [ 0.002 -0.008  0.001]
 [-0.     0.001 -0.011]]
----------------------------------------------------------------------------------------
   Cr1   Cr2   (  2,   1,   0)  0.0137   (10.764,  2.072,  0.000) 10.962 
J_iso:  0.0137 
[Testing!] DMI: ( 0.0001 -0.0000 -0.0000)
[Testing!]J_ani:
[[-0.009  0.001 -0.   ]
 [ 0.001 -0.015  0.001]
 [-0.     0.001 -0.012]]
----------------------------------------------------------------------------------------
   Cr2   Cr1   ( -2,  -1,   0)  0.0137   (-10.764, -2.072,  0.000) 10.962 
J_iso:  0.0137 
[Testing!] DMI: (-0.0001  0.0000  0.0000)
[Testing!]J_ani:
[[-0.009  0.001 -0.   ]
 [ 0.001 -0.015  0.001]
 [-0.     0.001 -0.012]]
----------------------------------------------------------------------------------------
   Cr1   Cr2   (  0,  -1,   0)  0.0140   ( 3.588, -10.358,  0.000) 10.962 
J_iso:  0.0140 
[Testing!] DMI: (-0.0001  0.0000 -0.0001)
[Testing!]J_ani:
[[-0.018 -0.002 -0.   ]
 [-0.002 -0.008 -0.001]
 [-0.    -0.001 -0.011]]
----------------------------------------------------------------------------------------
   Cr2   Cr1   (  0,   1,   0)  0.0140   (-3.588, 10.358,  0.000) 10.962 
J_iso:  0.0140 
[Testing!] DMI: ( 0.0001 -0.0000  0.0001)
[Testing!]J_ani:
[[-0.018 -0.002 -0.   ]
 [-0.002 -0.008 -0.001]
 [-0.    -0.001 -0.011]]
