==========================================================================================
Information: 
Exchange parameters generated by TB2J 0.7.4.2
Generation time: 22/11/04 13:27:56
==========================================================================================
Cell (Angstrom):
 3.895   0.000   0.000
-1.947   3.373   0.000
 0.000   0.000  24.478

==========================================================================================
Atoms:  
(Note: charge and magmoms only count the wannier functions.)
Atom_number      x         y         z     w_charge    M(x)      M(y)      M(z)   
Ni1            -0.0352    0.0610   12.2388    8.6449   -0.0001   -0.0001    1.3518
I1              0.0082    2.2347   13.7451    5.6772    0.0001   -0.0002    0.3121
I2              1.9556    1.1103   10.7324    5.6772   -0.0001    0.0002    0.3121
Total                                        19.9994   -0.0001   -0.0001    1.9759

==========================================================================================
Exchange: 
    i      j          R        J_iso(meV)          vector          distance(A) 
----------------------------------------------------------------------------------------
   Ni1   Ni1   ( -1,   0,   0)  3.1158   (-3.895,  0.000,  0.000)  3.895 
J_iso:  3.1158 
[Testing!] DMI: ( 0.0253 -0.2107 -0.1010)
[Testing!]J_ani:
[[ 0.598  0.001 -0.   ]
 [ 0.001 -0.76  -0.369]
 [-0.    -0.369  0.163]]
----------------------------------------------------------------------------------------
   Ni1   Ni1   (  1,   0,   0)  3.1158   ( 3.895,  0.000,  0.000)  3.895 
J_iso:  3.1158 
[Testing!] DMI: (-0.0253  0.2107  0.1010)
[Testing!]J_ani:
[[ 0.598  0.001 -0.   ]
 [ 0.001 -0.76  -0.369]
 [-0.    -0.369  0.163]]
----------------------------------------------------------------------------------------
   Ni1   Ni1   (  0,   1,   0)  3.1746   (-1.947,  3.373,  0.000)  3.895 
J_iso:  3.1746 
[Testing!] DMI: (-0.0168  0.0308 -0.0048)
[Testing!]J_ani:
[[-0.355 -0.267  0.336]
 [-0.267  0.31   0.198]
 [ 0.336  0.198  0.045]]
----------------------------------------------------------------------------------------
   Ni1   Ni1   (  0,  -1,   0)  3.1746   ( 1.947, -3.373,  0.000)  3.895 
J_iso:  3.1746 
[Testing!] DMI: ( 0.0168 -0.0308  0.0048)
[Testing!]J_ani:
[[-0.355 -0.267  0.336]
 [-0.267  0.31   0.198]
 [ 0.336  0.198  0.045]]
----------------------------------------------------------------------------------------
   Ni1   Ni1   (  1,   1,   0)  3.1108   ( 1.947,  3.373,  0.000)  3.895 
J_iso:  3.1108 
[Testing!] DMI: ( 0.1697 -0.1293  0.1036)
[Testing!]J_ani:
[[-0.409  0.269 -0.337]
 [ 0.269  0.278  0.155]
 [-0.337  0.155  0.132]]
----------------------------------------------------------------------------------------
   Ni1   Ni1   ( -1,  -1,   0)  3.1108   (-1.947, -3.373,  0.000)  3.895 
J_iso:  3.1108 
[Testing!] DMI: (-0.1697  0.1293 -0.1036)
[Testing!]J_ani:
[[-0.409  0.269 -0.337]
 [ 0.269  0.278  0.155]
 [-0.337  0.155  0.132]]
----------------------------------------------------------------------------------------
   Ni1   Ni1   (  1,  -1,   0)  0.0400   ( 5.842, -3.373,  0.000)  6.746 
J_iso:  0.0400 
[Testing!] DMI: ( 0.0128  0.0263  0.0317)
[Testing!]J_ani:
[[ 0.036 -0.012  0.002]
 [-0.012  0.014 -0.002]
 [ 0.002 -0.002 -0.051]]
----------------------------------------------------------------------------------------
   Ni1   Ni1   ( -1,   1,   0)  0.0400   (-5.842,  3.373,  0.000)  6.746 
J_iso:  0.0400 
[Testing!] DMI: (-0.0128 -0.0263 -0.0317)
[Testing!]J_ani:
[[ 0.036 -0.012  0.002]
 [-0.012  0.014 -0.002]
 [ 0.002 -0.002 -0.051]]
----------------------------------------------------------------------------------------
   Ni1   Ni1   (  2,   1,   0)  0.0332   ( 5.842,  3.373,  0.000)  6.746 
J_iso:  0.0332 
[Testing!] DMI: ( 0.0041  0.0035  0.0693)
[Testing!]J_ani:
[[ 0.035  0.012 -0.002]
 [ 0.012  0.014 -0.002]
 [-0.002 -0.002 -0.049]]
----------------------------------------------------------------------------------------
   Ni1   Ni1   ( -2,  -1,   0)  0.0332   (-5.842, -3.373,  0.000)  6.746 
J_iso:  0.0332 
[Testing!] DMI: (-0.0041 -0.0035 -0.0693)
[Testing!]J_ani:
[[ 0.035  0.012 -0.002]
 [ 0.012  0.014 -0.002]
 [-0.002 -0.002 -0.049]]
----------------------------------------------------------------------------------------
   Ni1   Ni1   (  1,   2,   0)  0.0394   ( 0.000,  6.746,  0.000)  6.746 
J_iso:  0.0394 
[Testing!] DMI: ( 0.0279 -0.0019  0.0322)
[Testing!]J_ani:
[[ 0.005 -0.    -0.   ]
 [-0.     0.047  0.002]
 [-0.     0.002 -0.052]]
----------------------------------------------------------------------------------------
   Ni1   Ni1   ( -1,  -2,   0)  0.0394   ( 0.000, -6.746,  0.000)  6.746 
J_iso:  0.0394 
[Testing!] DMI: (-0.0279  0.0019 -0.0322)
[Testing!]J_ani:
[[ 0.005 -0.    -0.   ]
 [-0.     0.047  0.002]
 [-0.     0.002 -0.052]]
----------------------------------------------------------------------------------------
   Ni1   Ni1   ( -2,   0,   0) -3.0247   (-7.790,  0.000,  0.000)  7.790 
J_iso: -3.0247 
[Testing!] DMI: ( 0.0164 -0.0370  0.0148)
[Testing!]J_ani:
[[ 0.037  0.     0.   ]
 [ 0.    -0.038 -0.026]
 [ 0.    -0.026  0.001]]
----------------------------------------------------------------------------------------
   Ni1   Ni1   (  2,   0,   0) -3.0247   ( 7.790,  0.000,  0.000)  7.790 
J_iso: -3.0247 
[Testing!] DMI: (-0.0164  0.0370 -0.0148)
[Testing!]J_ani:
[[ 0.037  0.     0.   ]
 [ 0.    -0.038 -0.026]
 [ 0.    -0.026  0.001]]
----------------------------------------------------------------------------------------
   Ni1   Ni1   (  0,  -2,   0) -2.9730   ( 3.895, -6.746,  0.000)  7.790 
J_iso: -2.9730 
[Testing!] DMI: ( 0.0150 -0.0274  0.0006)
[Testing!]J_ani:
[[-0.011 -0.013  0.023]
 [-0.013  0.026  0.015]
 [ 0.023  0.015 -0.016]]
----------------------------------------------------------------------------------------
   Ni1   Ni1   (  0,   2,   0) -2.9730   (-3.895,  6.746,  0.000)  7.790 
J_iso: -2.9730 
[Testing!] DMI: (-0.0150  0.0274 -0.0006)
[Testing!]J_ani:
[[-0.011 -0.013  0.023]
 [-0.013  0.026  0.015]
 [ 0.023  0.015 -0.016]]
----------------------------------------------------------------------------------------
   Ni1   Ni1   ( -2,  -2,   0) -3.0288   (-3.895, -6.746,  0.000)  7.790 
J_iso: -3.0288 
[Testing!] DMI: (-0.0243  0.0330  0.0134)
[Testing!]J_ani:
[[-0.017  0.013 -0.023]
 [ 0.013  0.019  0.016]
 [-0.023  0.016 -0.003]]
----------------------------------------------------------------------------------------
   Ni1   Ni1   (  2,   2,   0) -3.0288   ( 3.895,  6.746,  0.000)  7.790 
J_iso: -3.0288 
[Testing!] DMI: ( 0.0243 -0.0330 -0.0134)
[Testing!]J_ani:
[[-0.017  0.013 -0.023]
 [ 0.013  0.019  0.016]
 [-0.023  0.016 -0.003]]
----------------------------------------------------------------------------------------
   Ni1   Ni1   (  3,   1,   0) -0.0682   ( 9.737,  3.373,  0.000) 10.305 
J_iso: -0.0682 
[Testing!] DMI: ( 0.0028  0.0020  0.0047)
[Testing!]J_ani:
[[-0.003 -0.    -0.   ]
 [-0.    -0.002 -0.01 ]
 [-0.    -0.01   0.005]]
----------------------------------------------------------------------------------------
   Ni1   Ni1   ( -3,  -1,   0) -0.0682   (-9.737, -3.373,  0.000) 10.305 
J_iso: -0.0682 
[Testing!] DMI: (-0.0028 -0.0020 -0.0047)
[Testing!]J_ani:
[[-0.003 -0.    -0.   ]
 [-0.    -0.002 -0.01 ]
 [-0.    -0.01   0.005]]
----------------------------------------------------------------------------------------
   Ni1   Ni1   ( -2,   1,   0) -0.0682   (-9.737,  3.373,  0.000) 10.305 
J_iso: -0.0682 
[Testing!] DMI: ( 0.0028  0.0020  0.0047)
[Testing!]J_ani:
[[-0.003 -0.    -0.   ]
 [-0.    -0.002 -0.01 ]
 [-0.    -0.01   0.005]]
----------------------------------------------------------------------------------------
   Ni1   Ni1   (  2,  -1,   0) -0.0682   ( 9.737, -3.373,  0.000) 10.305 
J_iso: -0.0682 
[Testing!] DMI: (-0.0028 -0.0020 -0.0047)
[Testing!]J_ani:
[[-0.003 -0.    -0.   ]
 [-0.    -0.002 -0.01 ]
 [-0.    -0.01   0.005]]
----------------------------------------------------------------------------------------
   Ni1   Ni1   (  3,   2,   0) -0.0684   ( 7.790,  6.746,  0.000) 10.305 
J_iso: -0.0684 
[Testing!] DMI: ( 0.0032  0.0015  0.0046)
[Testing!]J_ani:
[[-0.002 -0.001 -0.009]
 [-0.001 -0.003  0.006]
 [-0.009  0.006  0.004]]
----------------------------------------------------------------------------------------
   Ni1   Ni1   (  1,  -2,   0) -0.0636   ( 7.790, -6.746,  0.000) 10.305 
J_iso: -0.0636 
[Testing!] DMI: (-0.0030 -0.0016  0.0092)
[Testing!]J_ani:
[[-0.001  0.     0.009]
 [ 0.    -0.001  0.005]
 [ 0.009  0.005  0.003]]
----------------------------------------------------------------------------------------
   Ni1   Ni1   ( -3,  -2,   0) -0.0684   (-7.790, -6.746,  0.000) 10.305 
J_iso: -0.0684 
[Testing!] DMI: (-0.0032 -0.0015 -0.0046)
[Testing!]J_ani:
[[-0.002 -0.001 -0.009]
 [-0.001 -0.003  0.006]
 [-0.009  0.006  0.004]]
----------------------------------------------------------------------------------------
   Ni1   Ni1   ( -1,   2,   0) -0.0636   (-7.790,  6.746,  0.000) 10.305 
J_iso: -0.0636 
[Testing!] DMI: ( 0.0030  0.0016 -0.0092)
[Testing!]J_ani:
[[-0.001  0.     0.009]
 [ 0.    -0.001  0.005]
 [ 0.009  0.005  0.003]]
----------------------------------------------------------------------------------------
   Ni1   Ni1   (  2,   3,   0) -0.0684   ( 1.947, 10.120,  0.000) 10.305 
J_iso: -0.0684 
[Testing!] DMI: (-0.0032 -0.0015 -0.0046)
[Testing!]J_ani:
[[-0.002 -0.001 -0.009]
 [-0.001 -0.003  0.006]
 [-0.009  0.006  0.004]]
----------------------------------------------------------------------------------------
   Ni1   Ni1   (  1,   3,   0) -0.0636   (-1.947, 10.120,  0.000) 10.305 
J_iso: -0.0636 
[Testing!] DMI: (-0.0030 -0.0016  0.0092)
[Testing!]J_ani:
[[-0.001  0.     0.009]
 [ 0.    -0.001  0.005]
 [ 0.009  0.005  0.003]]
----------------------------------------------------------------------------------------
   Ni1   Ni1   ( -2,  -3,   0) -0.0684   (-1.947, -10.120,  0.000) 10.305 
J_iso: -0.0684 
[Testing!] DMI: ( 0.0032  0.0015  0.0046)
[Testing!]J_ani:
[[-0.002 -0.001 -0.009]
 [-0.001 -0.003  0.006]
 [-0.009  0.006  0.004]]
----------------------------------------------------------------------------------------
   Ni1   Ni1   ( -1,  -3,   0) -0.0636   ( 1.947, -10.120,  0.000) 10.305 
J_iso: -0.0636 
[Testing!] DMI: ( 0.0030  0.0016 -0.0092)
[Testing!]J_ani:
[[-0.001  0.     0.009]
 [ 0.    -0.001  0.005]
 [ 0.009  0.005  0.003]]
----------------------------------------------------------------------------------------
   Ni1   Ni1   (  3,   0,   0) -3.0247   (11.685,  0.000,  0.000) 11.685 
J_iso: -3.0247 
[Testing!] DMI: ( 0.0164 -0.0370  0.0148)
[Testing!]J_ani:
[[ 0.037  0.     0.   ]
 [ 0.    -0.038 -0.026]
 [ 0.    -0.026  0.001]]
----------------------------------------------------------------------------------------
   Ni1   Ni1   ( -3,   0,   0) -3.0247   (-11.685,  0.000,  0.000) 11.685 
J_iso: -3.0247 
[Testing!] DMI: (-0.0164  0.0370 -0.0148)
[Testing!]J_ani:
[[ 0.037  0.     0.   ]
 [ 0.    -0.038 -0.026]
 [ 0.    -0.026  0.001]]
----------------------------------------------------------------------------------------
   Ni1   Ni1   (  0,  -3,   0) -2.9730   ( 5.842, -10.120,  0.000) 11.685 
J_iso: -2.9730 
[Testing!] DMI: (-0.0150  0.0274 -0.0006)
[Testing!]J_ani:
[[-0.011 -0.013  0.023]
 [-0.013  0.026  0.015]
 [ 0.023  0.015 -0.016]]
----------------------------------------------------------------------------------------
   Ni1   Ni1   ( -3,  -3,   0) -3.0288   (-5.842, -10.120,  0.000) 11.685 
J_iso: -3.0288 
[Testing!] DMI: ( 0.0243 -0.0330 -0.0134)
[Testing!]J_ani:
[[-0.017  0.013 -0.023]
 [ 0.013  0.019  0.016]
 [-0.023  0.016 -0.003]]
----------------------------------------------------------------------------------------
   Ni1   Ni1   (  3,   3,   0) -3.0288   ( 5.842, 10.120,  0.000) 11.685 
J_iso: -3.0288 
[Testing!] DMI: (-0.0243  0.0330  0.0134)
[Testing!]J_ani:
[[-0.017  0.013 -0.023]
 [ 0.013  0.019  0.016]
 [-0.023  0.016 -0.003]]
----------------------------------------------------------------------------------------
   Ni1   Ni1   (  0,   3,   0) -2.9730   (-5.842, 10.120,  0.000) 11.685 
J_iso: -2.9730 
[Testing!] DMI: ( 0.0150 -0.0274  0.0006)
[Testing!]J_ani:
[[-0.011 -0.013  0.023]
 [-0.013  0.026  0.015]
 [ 0.023  0.015 -0.016]]
----------------------------------------------------------------------------------------
   Ni1   Ni1   ( -4,  -2,   0) -0.0636   (-11.685, -6.746,  0.000) 13.493 
J_iso: -0.0636 
[Testing!] DMI: (-0.0030 -0.0016  0.0092)
[Testing!]J_ani:
[[-0.001  0.     0.009]
 [ 0.    -0.001  0.005]
 [ 0.009  0.005  0.003]]
----------------------------------------------------------------------------------------
   Ni1   Ni1   ( -2,   2,   0) -0.0684   (-11.685,  6.746,  0.000) 13.493 
J_iso: -0.0684 
[Testing!] DMI: ( 0.0032  0.0015  0.0046)
[Testing!]J_ani:
[[-0.002 -0.001 -0.009]
 [-0.001 -0.003  0.006]
 [-0.009  0.006  0.004]]
----------------------------------------------------------------------------------------
   Ni1   Ni1   (  2,  -2,   0) -0.0684   (11.685, -6.746,  0.000) 13.493 
J_iso: -0.0684 
[Testing!] DMI: (-0.0032 -0.0015 -0.0046)
[Testing!]J_ani:
[[-0.002 -0.001 -0.009]
 [-0.001 -0.003  0.006]
 [-0.009  0.006  0.004]]
----------------------------------------------------------------------------------------
   Ni1   Ni1   (  4,   2,   0) -0.0636   (11.685,  6.746,  0.000) 13.493 
J_iso: -0.0636 
[Testing!] DMI: ( 0.0030  0.0016 -0.0092)
[Testing!]J_ani:
[[-0.001  0.     0.009]
 [ 0.    -0.001  0.005]
 [ 0.009  0.005  0.003]]
----------------------------------------------------------------------------------------
   Ni1   Ni1   (  2,   4,   0) -0.0682   ( 0.000, 13.493,  0.000) 13.493 
J_iso: -0.0682 
[Testing!] DMI: (-0.0028 -0.0020 -0.0047)
[Testing!]J_ani:
[[-0.003 -0.    -0.   ]
 [-0.    -0.002 -0.01 ]
 [-0.    -0.01   0.005]]
----------------------------------------------------------------------------------------
   Ni1   Ni1   ( -2,  -4,   0) -0.0682   ( 0.000, -13.493,  0.000) 13.493 
J_iso: -0.0682 
[Testing!] DMI: ( 0.0028  0.0020  0.0047)
[Testing!]J_ani:
[[-0.003 -0.    -0.   ]
 [-0.    -0.002 -0.01 ]
 [-0.    -0.01   0.005]]
----------------------------------------------------------------------------------------
   Ni1   Ni1   ( -3,   1,   0)  0.0332   (-13.632,  3.373,  0.000) 14.044 
J_iso:  0.0332 
[Testing!] DMI: ( 0.0041  0.0035  0.0693)
[Testing!]J_ani:
[[ 0.035  0.012 -0.002]
 [ 0.012  0.014 -0.002]
 [-0.002 -0.002 -0.049]]
----------------------------------------------------------------------------------------
   Ni1   Ni1   (  3,  -1,   0)  0.0332   (13.632, -3.373,  0.000) 14.044 
J_iso:  0.0332 
[Testing!] DMI: (-0.0041 -0.0035 -0.0693)
[Testing!]J_ani:
[[ 0.035  0.012 -0.002]
 [ 0.012  0.014 -0.002]
 [-0.002 -0.002 -0.049]]
----------------------------------------------------------------------------------------
   Ni1   Ni1   (  4,   1,   0)  0.0400   (13.632,  3.373,  0.000) 14.044 
J_iso:  0.0400 
[Testing!] DMI: (-0.0128 -0.0263 -0.0317)
[Testing!]J_ani:
[[ 0.036 -0.012  0.002]
 [-0.012  0.014 -0.002]
 [ 0.002 -0.002 -0.051]]
----------------------------------------------------------------------------------------
   Ni1   Ni1   ( -4,  -1,   0)  0.0400   (-13.632, -3.373,  0.000) 14.044 
J_iso:  0.0400 
[Testing!] DMI: ( 0.0128  0.0263  0.0317)
[Testing!]J_ani:
[[ 0.036 -0.012  0.002]
 [-0.012  0.014 -0.002]
 [ 0.002 -0.002 -0.051]]
----------------------------------------------------------------------------------------
   Ni1   Ni1   ( -1,   3,   0)  0.0394   (-9.737, 10.120,  0.000) 14.044 
J_iso:  0.0394 
[Testing!] DMI: (-0.0279  0.0019 -0.0322)
[Testing!]J_ani:
[[ 0.005 -0.    -0.   ]
 [-0.     0.047  0.002]
 [-0.     0.002 -0.052]]
----------------------------------------------------------------------------------------
   Ni1   Ni1   (  4,   3,   0)  0.0394   ( 9.737, 10.120,  0.000) 14.044 
J_iso:  0.0394 
[Testing!] DMI: (-0.0279  0.0019 -0.0322)
[Testing!]J_ani:
[[ 0.005 -0.    -0.   ]
 [-0.     0.047  0.002]
 [-0.     0.002 -0.052]]
----------------------------------------------------------------------------------------
   Ni1   Ni1   ( -4,  -3,   0)  0.0394   (-9.737, -10.120,  0.000) 14.044 
J_iso:  0.0394 
[Testing!] DMI: ( 0.0279 -0.0019  0.0322)
[Testing!]J_ani:
[[ 0.005 -0.    -0.   ]
 [-0.     0.047  0.002]
 [-0.     0.002 -0.052]]
----------------------------------------------------------------------------------------
   Ni1   Ni1   (  1,  -3,   0)  0.0394   ( 9.737, -10.120,  0.000) 14.044 
J_iso:  0.0394 
[Testing!] DMI: ( 0.0279 -0.0019  0.0322)
[Testing!]J_ani:
[[ 0.005 -0.    -0.   ]
 [-0.     0.047  0.002]
 [-0.     0.002 -0.052]]
----------------------------------------------------------------------------------------
   Ni1   Ni1   (  1,   4,   0)  0.0400   (-3.895, 13.493,  0.000) 14.044 
J_iso:  0.0400 
[Testing!] DMI: ( 0.0128  0.0263  0.0317)
[Testing!]J_ani:
[[ 0.036 -0.012  0.002]
 [-0.012  0.014 -0.002]
 [ 0.002 -0.002 -0.051]]
----------------------------------------------------------------------------------------
   Ni1   Ni1   ( -3,  -4,   0)  0.0332   (-3.895, -13.493,  0.000) 14.044 
J_iso:  0.0332 
[Testing!] DMI: ( 0.0041  0.0035  0.0693)
[Testing!]J_ani:
[[ 0.035  0.012 -0.002]
 [ 0.012  0.014 -0.002]
 [-0.002 -0.002 -0.049]]
----------------------------------------------------------------------------------------
   Ni1   Ni1   ( -1,  -4,   0)  0.0400   ( 3.895, -13.493,  0.000) 14.044 
J_iso:  0.0400 
[Testing!] DMI: (-0.0128 -0.0263 -0.0317)
[Testing!]J_ani:
[[ 0.036 -0.012  0.002]
 [-0.012  0.014 -0.002]
 [ 0.002 -0.002 -0.051]]
----------------------------------------------------------------------------------------
   Ni1   Ni1   (  3,   4,   0)  0.0332   ( 3.895, 13.493,  0.000) 14.044 
J_iso:  0.0332 
[Testing!] DMI: (-0.0041 -0.0035 -0.0693)
[Testing!]J_ani:
[[ 0.035  0.012 -0.002]
 [ 0.012  0.014 -0.002]
 [-0.002 -0.002 -0.049]]
----------------------------------------------------------------------------------------
   Ni1   Ni1   (  4,   0,   0)  3.1158   (15.580,  0.000,  0.000) 15.580 
J_iso:  3.1158 
[Testing!] DMI: ( 0.0253 -0.2107 -0.1010)
[Testing!]J_ani:
[[ 0.598  0.001 -0.   ]
 [ 0.001 -0.76  -0.369]
 [-0.    -0.369  0.163]]
----------------------------------------------------------------------------------------
   Ni1   Ni1   ( -4,   0,   0)  3.1158   (-15.580,  0.000,  0.000) 15.580 
J_iso:  3.1158 
[Testing!] DMI: (-0.0253  0.2107  0.1010)
[Testing!]J_ani:
[[ 0.598  0.001 -0.   ]
 [ 0.001 -0.76  -0.369]
 [-0.    -0.369  0.163]]
----------------------------------------------------------------------------------------
   Ni1   Ni1   ( -4,  -4,   0)  3.1108   (-7.790, -13.493,  0.000) 15.580 
J_iso:  3.1108 
[Testing!] DMI: ( 0.1697 -0.1293  0.1036)
[Testing!]J_ani:
[[-0.409  0.269 -0.337]
 [ 0.269  0.278  0.155]
 [-0.337  0.155  0.132]]
----------------------------------------------------------------------------------------
   Ni1   Ni1   (  4,   4,   0)  3.1108   ( 7.790, 13.493,  0.000) 15.580 
J_iso:  3.1108 
[Testing!] DMI: (-0.1697  0.1293 -0.1036)
[Testing!]J_ani:
[[-0.409  0.269 -0.337]
 [ 0.269  0.278  0.155]
 [-0.337  0.155  0.132]]
----------------------------------------------------------------------------------------
   Ni1   Ni1   (  0,   4,   0)  3.1746   (-7.790, 13.493,  0.000) 15.580 
J_iso:  3.1746 
[Testing!] DMI: ( 0.0168 -0.0308  0.0048)
[Testing!]J_ani:
[[-0.355 -0.267  0.336]
 [-0.267  0.31   0.198]
 [ 0.336  0.198  0.045]]
----------------------------------------------------------------------------------------
   Ni1   Ni1   (  0,  -4,   0)  3.1746   ( 7.790, -13.493,  0.000) 15.580 
J_iso:  3.1746 
[Testing!] DMI: (-0.0168  0.0308 -0.0048)
[Testing!]J_ani:
[[-0.355 -0.267  0.336]
 [-0.267  0.31   0.198]
 [ 0.336  0.198  0.045]]
----------------------------------------------------------------------------------------
   Ni1   Ni1   ( -5,  -2,   0) -2.9730   (-15.580, -6.746,  0.000) 16.978 
J_iso: -2.9730 
[Testing!] DMI: ( 0.0150 -0.0274  0.0006)
[Testing!]J_ani:
[[-0.011 -0.013  0.023]
 [-0.013  0.026  0.015]
 [ 0.023  0.015 -0.016]]
----------------------------------------------------------------------------------------
   Ni1   Ni1   (  3,  -2,   0) -3.0288   (15.580, -6.746,  0.000) 16.978 
J_iso: -3.0288 
[Testing!] DMI: (-0.0243  0.0330  0.0134)
[Testing!]J_ani:
[[-0.017  0.013 -0.023]
 [ 0.013  0.019  0.016]
 [-0.023  0.016 -0.003]]
----------------------------------------------------------------------------------------
   Ni1   Ni1   (  5,   2,   0) -2.9730   (15.580,  6.746,  0.000) 16.978 
J_iso: -2.9730 
[Testing!] DMI: (-0.0150  0.0274 -0.0006)
[Testing!]J_ani:
[[-0.011 -0.013  0.023]
 [-0.013  0.026  0.015]
 [ 0.023  0.015 -0.016]]
----------------------------------------------------------------------------------------
   Ni1   Ni1   ( -3,   2,   0) -3.0288   (-15.580,  6.746,  0.000) 16.978 
J_iso: -3.0288 
[Testing!] DMI: ( 0.0243 -0.0330 -0.0134)
[Testing!]J_ani:
[[-0.017  0.013 -0.023]
 [ 0.013  0.019  0.016]
 [-0.023  0.016 -0.003]]
----------------------------------------------------------------------------------------
   Ni1   Ni1   ( -2,   3,   0) -3.0288   (-13.632, 10.120,  0.000) 16.978 
J_iso: -3.0288 
[Testing!] DMI: (-0.0243  0.0330  0.0134)
[Testing!]J_ani:
[[-0.017  0.013 -0.023]
 [ 0.013  0.019  0.016]
 [-0.023  0.016 -0.003]]
----------------------------------------------------------------------------------------
   Ni1   Ni1   ( -5,  -3,   0) -2.9730   (-13.632, -10.120,  0.000) 16.978 
J_iso: -2.9730 
[Testing!] DMI: (-0.0150  0.0274 -0.0006)
[Testing!]J_ani:
[[-0.011 -0.013  0.023]
 [-0.013  0.026  0.015]
 [ 0.023  0.015 -0.016]]
----------------------------------------------------------------------------------------
   Ni1   Ni1   (  5,   3,   0) -2.9730   (13.632, 10.120,  0.000) 16.978 
J_iso: -2.9730 
[Testing!] DMI: ( 0.0150 -0.0274  0.0006)
[Testing!]J_ani:
[[-0.011 -0.013  0.023]
 [-0.013  0.026  0.015]
 [ 0.023  0.015 -0.016]]
----------------------------------------------------------------------------------------
   Ni1   Ni1   (  2,  -3,   0) -3.0288   (13.632, -10.120,  0.000) 16.978 
J_iso: -3.0288 
[Testing!] DMI: ( 0.0243 -0.0330 -0.0134)
[Testing!]J_ani:
[[-0.017  0.013 -0.023]
 [ 0.013  0.019  0.016]
 [-0.023  0.016 -0.003]]
----------------------------------------------------------------------------------------
   Ni1   Ni1   (  3,   5,   0) -3.0247   ( 1.947, 16.866,  0.000) 16.978 
J_iso: -3.0247 
[Testing!] DMI: ( 0.0164 -0.0370  0.0148)
[Testing!]J_ani:
[[ 0.037  0.     0.   ]
 [ 0.    -0.038 -0.026]
 [ 0.    -0.026  0.001]]
----------------------------------------------------------------------------------------
   Ni1   Ni1   ( -3,  -5,   0) -3.0247   (-1.947, -16.866,  0.000) 16.978 
J_iso: -3.0247 
[Testing!] DMI: (-0.0164  0.0370 -0.0148)
[Testing!]J_ani:
[[ 0.037  0.     0.   ]
 [ 0.    -0.038 -0.026]
 [ 0.    -0.026  0.001]]
----------------------------------------------------------------------------------------
   Ni1   Ni1   (  2,   5,   0) -3.0247   (-1.947, 16.866,  0.000) 16.978 
J_iso: -3.0247 
[Testing!] DMI: (-0.0164  0.0370 -0.0148)
[Testing!]J_ani:
[[ 0.037  0.     0.   ]
 [ 0.    -0.038 -0.026]
 [ 0.    -0.026  0.001]]
----------------------------------------------------------------------------------------
   Ni1   Ni1   ( -2,  -5,   0) -3.0247   ( 1.947, -16.866,  0.000) 16.978 
J_iso: -3.0247 
[Testing!] DMI: ( 0.0164 -0.0370  0.0148)
[Testing!]J_ani:
[[ 0.037  0.     0.   ]
 [ 0.    -0.038 -0.026]
 [ 0.    -0.026  0.001]]
----------------------------------------------------------------------------------------
   Ni1   Ni1   (  4,  -1,   0)  3.1108   (17.527, -3.373,  0.000) 17.849 
J_iso:  3.1108 
[Testing!] DMI: (-0.1697  0.1293 -0.1036)
[Testing!]J_ani:
[[-0.409  0.269 -0.337]
 [ 0.269  0.278  0.155]
 [-0.337  0.155  0.132]]
----------------------------------------------------------------------------------------
   Ni1   Ni1   ( -5,  -1,   0)  3.1746   (-17.527, -3.373,  0.000) 17.849 
J_iso:  3.1746 
[Testing!] DMI: ( 0.0168 -0.0308  0.0048)
[Testing!]J_ani:
[[-0.355 -0.267  0.336]
 [-0.267  0.31   0.198]
 [ 0.336  0.198  0.045]]
----------------------------------------------------------------------------------------
   Ni1   Ni1   (  5,   1,   0)  3.1746   (17.527,  3.373,  0.000) 17.849 
J_iso:  3.1746 
[Testing!] DMI: (-0.0168  0.0308 -0.0048)
[Testing!]J_ani:
[[-0.355 -0.267  0.336]
 [-0.267  0.31   0.198]
 [ 0.336  0.198  0.045]]
----------------------------------------------------------------------------------------
   Ni1   Ni1   ( -4,   1,   0)  3.1108   (-17.527,  3.373,  0.000) 17.849 
J_iso:  3.1108 
[Testing!] DMI: ( 0.1697 -0.1293  0.1036)
[Testing!]J_ani:
[[-0.409  0.269 -0.337]
 [ 0.269  0.278  0.155]
 [-0.337  0.155  0.132]]
----------------------------------------------------------------------------------------
   Ni1   Ni1   ( -5,  -4,   0)  3.1746   (-11.685, -13.493,  0.000) 17.849 
J_iso:  3.1746 
[Testing!] DMI: (-0.0168  0.0308 -0.0048)
[Testing!]J_ani:
[[-0.355 -0.267  0.336]
 [-0.267  0.31   0.198]
 [ 0.336  0.198  0.045]]
----------------------------------------------------------------------------------------
   Ni1   Ni1   (  5,   4,   0)  3.1746   (11.685, 13.493,  0.000) 17.849 
J_iso:  3.1746 
[Testing!] DMI: ( 0.0168 -0.0308  0.0048)
[Testing!]J_ani:
[[-0.355 -0.267  0.336]
 [-0.267  0.31   0.198]
 [ 0.336  0.198  0.045]]
----------------------------------------------------------------------------------------
   Ni1   Ni1   ( -1,   4,   0)  3.1108   (-11.685, 13.493,  0.000) 17.849 
J_iso:  3.1108 
[Testing!] DMI: (-0.1697  0.1293 -0.1036)
[Testing!]J_ani:
[[-0.409  0.269 -0.337]
 [ 0.269  0.278  0.155]
 [-0.337  0.155  0.132]]
----------------------------------------------------------------------------------------
   Ni1   Ni1   (  1,  -4,   0)  3.1108   (11.685, -13.493,  0.000) 17.849 
J_iso:  3.1108 
[Testing!] DMI: ( 0.1697 -0.1293  0.1036)
[Testing!]J_ani:
[[-0.409  0.269 -0.337]
 [ 0.269  0.278  0.155]
 [-0.337  0.155  0.132]]
----------------------------------------------------------------------------------------
   Ni1   Ni1   ( -4,  -5,   0)  3.1158   (-5.842, -16.866,  0.000) 17.849 
J_iso:  3.1158 
[Testing!] DMI: (-0.0253  0.2107  0.1010)
[Testing!]J_ani:
[[ 0.598  0.001 -0.   ]
 [ 0.001 -0.76  -0.369]
 [-0.    -0.369  0.163]]
----------------------------------------------------------------------------------------
   Ni1   Ni1   (  4,   5,   0)  3.1158   ( 5.842, 16.866,  0.000) 17.849 
J_iso:  3.1158 
[Testing!] DMI: ( 0.0253 -0.2107 -0.1010)
[Testing!]J_ani:
[[ 0.598  0.001 -0.   ]
 [ 0.001 -0.76  -0.369]
 [-0.    -0.369  0.163]]
----------------------------------------------------------------------------------------
   Ni1   Ni1   (  1,   5,   0)  3.1158   (-5.842, 16.866,  0.000) 17.849 
J_iso:  3.1158 
[Testing!] DMI: (-0.0253  0.2107  0.1010)
[Testing!]J_ani:
[[ 0.598  0.001 -0.   ]
 [ 0.001 -0.76  -0.369]
 [-0.    -0.369  0.163]]
----------------------------------------------------------------------------------------
   Ni1   Ni1   ( -1,  -5,   0)  3.1158   ( 5.842, -16.866,  0.000) 17.849 
J_iso:  3.1158 
[Testing!] DMI: ( 0.0253 -0.2107 -0.1010)
[Testing!]J_ani:
[[ 0.598  0.001 -0.   ]
 [ 0.001 -0.76  -0.369]
 [-0.    -0.369  0.163]]
----------------------------------------------------------------------------------------
   Ni1   Ni1   (  5,   0,   0) -0.5589   (19.475,  0.000,  0.000) 19.475 
J_iso: -0.5589 
[Testing!] DMI: ( 0.0000 -0.0000  0.0000)
[Testing!]J_ani:
[[ 0.158  0.002  0.   ]
 [ 0.002  0.195  0.   ]
 [ 0.     0.    -0.353]]
----------------------------------------------------------------------------------------
   Ni1   Ni1   ( -5,   0,   0) -0.5589   (-19.475,  0.000,  0.000) 19.475 
J_iso: -0.5589 
[Testing!] DMI: (-0.0000  0.0000  0.0000)
[Testing!]J_ani:
[[ 0.158  0.002  0.   ]
 [ 0.002  0.195  0.   ]
 [ 0.     0.    -0.353]]
----------------------------------------------------------------------------------------
   Ni1   Ni1   (  0,  -5,   0) -0.5589   ( 9.737, -16.866,  0.000) 19.475 
J_iso: -0.5589 
[Testing!] DMI: ( 0.0000  0.0000  0.0000)
[Testing!]J_ani:
[[ 0.158  0.002  0.   ]
 [ 0.002  0.195  0.   ]
 [ 0.     0.    -0.353]]
----------------------------------------------------------------------------------------
   Ni1   Ni1   (  0,   5,   0) -0.5589   (-9.737, 16.866,  0.000) 19.475 
J_iso: -0.5589 
[Testing!] DMI: (-0.0000 -0.0000  0.0000)
[Testing!]J_ani:
[[ 0.158  0.002  0.   ]
 [ 0.002  0.195  0.   ]
 [ 0.     0.    -0.353]]
----------------------------------------------------------------------------------------
   Ni1   Ni1   ( -5,  -5,   0) -0.5589   (-9.737, -16.866,  0.000) 19.475 
J_iso: -0.5589 
[Testing!] DMI: ( 0.0000  0.0000  0.0000)
[Testing!]J_ani:
[[ 0.158  0.002  0.   ]
 [ 0.002  0.195  0.   ]
 [ 0.     0.    -0.353]]
----------------------------------------------------------------------------------------
   Ni1   Ni1   (  5,   5,   0) -0.5589   ( 9.737, 16.866,  0.000) 19.475 
J_iso: -0.5589 
[Testing!] DMI: ( 0.0000 -0.0000  0.0000)
[Testing!]J_ani:
[[ 0.158  0.002  0.   ]
 [ 0.002  0.195  0.   ]
 [ 0.     0.    -0.353]]
----------------------------------------------------------------------------------------
   Ni1   Ni1   (  3,  -3,   0) -0.0684   (17.527, -10.120,  0.000) 20.239 
J_iso: -0.0684 
[Testing!] DMI: ( 0.0032  0.0015  0.0046)
[Testing!]J_ani:
[[-0.002 -0.001 -0.009]
 [-0.001 -0.003  0.006]
 [-0.009  0.006  0.004]]
----------------------------------------------------------------------------------------
   Ni1   Ni1   ( -3,   3,   0) -0.0684   (-17.527, 10.120,  0.000) 20.239 
J_iso: -0.0684 
[Testing!] DMI: (-0.0032 -0.0015 -0.0046)
[Testing!]J_ani:
[[-0.002 -0.001 -0.009]
 [-0.001 -0.003  0.006]
 [-0.009  0.006  0.004]]
----------------------------------------------------------------------------------------
   Ni1   Ni1   (  4,  -2,   0)  0.0394   (19.475, -6.746,  0.000) 20.610 
J_iso:  0.0394 
[Testing!] DMI: (-0.0279  0.0019 -0.0322)
[Testing!]J_ani:
[[ 0.005 -0.    -0.   ]
 [-0.     0.047  0.002]
 [-0.     0.002 -0.052]]
----------------------------------------------------------------------------------------
   Ni1   Ni1   ( -4,   2,   0)  0.0394   (-19.475,  6.746,  0.000) 20.610 
J_iso:  0.0394 
[Testing!] DMI: ( 0.0279 -0.0019  0.0322)
[Testing!]J_ani:
[[ 0.005 -0.    -0.   ]
 [-0.     0.047  0.002]
 [-0.     0.002 -0.052]]
----------------------------------------------------------------------------------------
   Ni1   Ni1   (  2,  -4,   0)  0.0332   (15.580, -13.493,  0.000) 20.610 
J_iso:  0.0332 
[Testing!] DMI: ( 0.0041  0.0035  0.0693)
[Testing!]J_ani:
[[ 0.035  0.012 -0.002]
 [ 0.012  0.014 -0.002]
 [-0.002 -0.002 -0.049]]
----------------------------------------------------------------------------------------
   Ni1   Ni1   ( -2,   4,   0)  0.0332   (-15.580, 13.493,  0.000) 20.610 
J_iso:  0.0332 
[Testing!] DMI: (-0.0041 -0.0035 -0.0693)
[Testing!]J_ani:
[[ 0.035  0.012 -0.002]
 [ 0.012  0.014 -0.002]
 [-0.002 -0.002 -0.049]]
----------------------------------------------------------------------------------------
   Ni1   Ni1   ( -5,   1,   0)  3.1746   (-21.422,  3.373,  0.000) 21.686 
J_iso:  3.1746 
[Testing!] DMI: (-0.0168  0.0308 -0.0048)
[Testing!]J_ani:
[[-0.355 -0.267  0.336]
 [-0.267  0.31   0.198]
 [ 0.336  0.198  0.045]]
----------------------------------------------------------------------------------------
   Ni1   Ni1   (  5,  -1,   0)  3.1746   (21.422, -3.373,  0.000) 21.686 
J_iso:  3.1746 
[Testing!] DMI: ( 0.0168 -0.0308  0.0048)
[Testing!]J_ani:
[[-0.355 -0.267  0.336]
 [-0.267  0.31   0.198]
 [ 0.336  0.198  0.045]]
----------------------------------------------------------------------------------------
   Ni1   Ni1   (  1,  -5,   0)  3.1158   (13.632, -16.866,  0.000) 21.686 
J_iso:  3.1158 
[Testing!] DMI: (-0.0253  0.2107  0.1010)
[Testing!]J_ani:
[[ 0.598  0.001 -0.   ]
 [ 0.001 -0.76  -0.369]
 [-0.    -0.369  0.163]]
----------------------------------------------------------------------------------------
   Ni1   Ni1   ( -1,   5,   0)  3.1158   (-13.632, 16.866,  0.000) 21.686 
J_iso:  3.1158 
[Testing!] DMI: ( 0.0253 -0.2107 -0.1010)
[Testing!]J_ani:
[[ 0.598  0.001 -0.   ]
 [ 0.001 -0.76  -0.369]
 [-0.    -0.369  0.163]]
