==========================================================================================
Information: 
Exchange parameters generated by TB2J 0.7.2.1
Generation time: 22/10/21 14:07:01
 Input from non-collinear Wannier90 data.
 Tight binding data from z/. 
 Prefix of wannier function files:z.
Warning: Please check if the noise level of Wannier function Hamiltonian to make sure it is much smaller than the exchange values.
 The DMI component parallel to the spin orientation, the Jani which has the component of that orientation should be disregarded
 e.g. if the spins are along z, the xz, yz, zz, zx, zy components and the z component of DMI.
 If you need these component, try to do three calculations with spin along x, y, z,  or use structure with z rotated to x, y and z. And then use TB2J_merge.py to get the full set of parameters.


Merged from TB2J results in paths: 
  x/TB2J_results/
  y/TB2J_results/
  z/TB2J_results/
, which are from DFT data with spin along x, y, z orientation

==========================================================================================
Cell (Angstrom):
 3.895   0.000   0.000
-1.947   3.373   0.000
 0.000   0.000  24.478

==========================================================================================
Atoms:  
(Note: charge and magmoms only count the wannier functions.)
Atom_number      x         y         z     w_charge    M(x)      M(y)      M(z)   
Ni1            -0.0352    0.0610   12.2388    8.5599   -0.0001   -0.0001    1.4368
I1              0.0082    2.2347   13.7451    5.7197    0.0002   -0.0003    0.2731
I2              1.9556    1.1103   10.7324    5.7197   -0.0001    0.0003    0.2731
Total                                        19.9992   -0.0000   -0.0000    1.9831

==========================================================================================
Exchange: 
    i      j          R        J_iso(meV)          vector          distance(A) 
----------------------------------------------------------------------------------------
   Ni1   Ni1   ( -1,   0,   0)  0.5898   (-3.895,  0.000,  0.000)  3.895 
J_iso:  0.5898 
[Testing!] DMI: ( 0.0193 -0.2509 -0.1127)
[Testing!]J_ani:
[[-0.019  0.    -0.   ]
 [ 0.    -1.052 -0.315]
 [-0.    -0.315 -0.32 ]]
----------------------------------------------------------------------------------------
   Ni1   Ni1   (  1,   0,   0)  0.5898   ( 3.895,  0.000,  0.000)  3.895 
J_iso:  0.5898 
[Testing!] DMI: (-0.0193  0.2509  0.1127)
[Testing!]J_ani:
[[-0.019  0.    -0.   ]
 [ 0.    -1.052 -0.315]
 [-0.    -0.315 -0.32 ]]
----------------------------------------------------------------------------------------
   Ni1   Ni1   ( -1,  -1,   0)  0.5886   (-1.947, -3.373,  0.000)  3.895 
J_iso:  0.5886 
[Testing!] DMI: (-0.2070  0.1410 -0.1214)
[Testing!]J_ani:
[[-0.794  0.219 -0.299]
 [ 0.219 -0.278  0.122]
 [-0.299  0.122 -0.381]]
----------------------------------------------------------------------------------------
   Ni1   Ni1   (  0,  -1,   0)  0.6707   ( 1.947, -3.373,  0.000)  3.895 
J_iso:  0.6707 
[Testing!] DMI: ( 0.0149 -0.0266  0.0006)
[Testing!]J_ani:
[[-0.786 -0.217  0.299]
 [-0.217 -0.274  0.181]
 [ 0.299  0.181 -0.546]]
----------------------------------------------------------------------------------------
   Ni1   Ni1   (  0,   1,   0)  0.6707   (-1.947,  3.373,  0.000)  3.895 
J_iso:  0.6707 
[Testing!] DMI: (-0.0149  0.0266 -0.0006)
[Testing!]J_ani:
[[-0.786 -0.217  0.299]
 [-0.217 -0.274  0.181]
 [ 0.299  0.181 -0.546]]
----------------------------------------------------------------------------------------
   Ni1   Ni1   (  1,   1,   0)  0.5886   ( 1.947,  3.373,  0.000)  3.895 
J_iso:  0.5886 
[Testing!] DMI: ( 0.2070 -0.1410  0.1214)
[Testing!]J_ani:
[[-0.794  0.219 -0.299]
 [ 0.219 -0.278  0.122]
 [-0.299  0.122 -0.381]]
----------------------------------------------------------------------------------------
   Ni1   Ni1   ( -2,  -1,   0)  0.0427   (-5.842, -3.373,  0.000)  6.746 
J_iso:  0.0427 
[Testing!] DMI: (-0.0031 -0.0023 -0.0598)
[Testing!]J_ani:
[[-0.006  0.002  0.002]
 [ 0.002 -0.008  0.001]
 [ 0.002  0.001 -0.081]]
----------------------------------------------------------------------------------------
   Ni1   Ni1   ( -1,   1,   0)  0.0471   (-5.842,  3.373,  0.000)  6.746 
J_iso:  0.0471 
[Testing!] DMI: (-0.0128 -0.0257 -0.0284)
[Testing!]J_ani:
[[-0.006 -0.002 -0.002]
 [-0.002 -0.009 -0.   ]
 [-0.002 -0.    -0.079]]
----------------------------------------------------------------------------------------
   Ni1   Ni1   (  1,  -1,   0)  0.0471   ( 5.842, -3.373,  0.000)  6.746 
J_iso:  0.0471 
[Testing!] DMI: ( 0.0128  0.0257  0.0284)
[Testing!]J_ani:
[[-0.006 -0.002 -0.002]
 [-0.002 -0.009 -0.   ]
 [-0.002 -0.    -0.079]]
----------------------------------------------------------------------------------------
   Ni1   Ni1   (  2,   1,   0)  0.0427   ( 5.842,  3.373,  0.000)  6.746 
J_iso:  0.0427 
[Testing!] DMI: ( 0.0031  0.0023  0.0598)
[Testing!]J_ani:
[[-0.006  0.002  0.002]
 [ 0.002 -0.008  0.001]
 [ 0.002  0.001 -0.081]]
----------------------------------------------------------------------------------------
   Ni1   Ni1   ( -1,  -2,   0)  0.0468   ( 0.000, -6.746,  0.000)  6.746 
J_iso:  0.0468 
[Testing!] DMI: (-0.0281  0.0015 -0.0287)
[Testing!]J_ani:
[[-0.01   0.    -0.   ]
 [ 0.    -0.004 -0.003]
 [-0.    -0.003 -0.078]]
----------------------------------------------------------------------------------------
   Ni1   Ni1   (  1,   2,   0)  0.0468   ( 0.000,  6.746,  0.000)  6.746 
J_iso:  0.0468 
[Testing!] DMI: ( 0.0281 -0.0015  0.0287)
[Testing!]J_ani:
[[-0.01   0.    -0.   ]
 [ 0.    -0.004 -0.003]
 [-0.    -0.003 -0.078]]
----------------------------------------------------------------------------------------
   Ni1   Ni1   ( -2,   0,   0) -2.2867   (-7.790,  0.000,  0.000)  7.790 
J_iso: -2.2867 
[Testing!] DMI: ( 0.0145 -0.0408  0.0131)
[Testing!]J_ani:
[[-0.006  0.     0.   ]
 [ 0.    -0.043 -0.018]
 [ 0.    -0.018 -0.03 ]]
----------------------------------------------------------------------------------------
   Ni1   Ni1   (  2,   0,   0) -2.2867   ( 7.790,  0.000,  0.000)  7.790 
J_iso: -2.2867 
[Testing!] DMI: (-0.0145  0.0408 -0.0131)
[Testing!]J_ani:
[[-0.006  0.     0.   ]
 [ 0.    -0.043 -0.018]
 [ 0.    -0.018 -0.03 ]]
----------------------------------------------------------------------------------------
   Ni1   Ni1   ( -2,  -2,   0) -2.2873   (-3.895, -6.746,  0.000)  7.790 
J_iso: -2.2873 
[Testing!] DMI: (-0.0288  0.0332  0.0109)
[Testing!]J_ani:
[[-0.034  0.009 -0.016]
 [ 0.009 -0.017  0.01 ]
 [-0.016  0.01  -0.035]]
----------------------------------------------------------------------------------------
   Ni1   Ni1   (  0,  -2,   0) -2.2477   ( 3.895, -6.746,  0.000)  7.790 
J_iso: -2.2477 
[Testing!] DMI: ( 0.0136 -0.0243  0.0004)
[Testing!]J_ani:
[[-0.035 -0.008  0.016]
 [-0.008 -0.016  0.01 ]
 [ 0.016  0.01  -0.049]]
----------------------------------------------------------------------------------------
   Ni1   Ni1   (  0,   2,   0) -2.2477   (-3.895,  6.746,  0.000)  7.790 
J_iso: -2.2477 
[Testing!] DMI: (-0.0136  0.0243 -0.0004)
[Testing!]J_ani:
[[-0.035 -0.008  0.016]
 [-0.008 -0.016  0.01 ]
 [ 0.016  0.01  -0.049]]
----------------------------------------------------------------------------------------
   Ni1   Ni1   (  2,   2,   0) -2.2873   ( 3.895,  6.746,  0.000)  7.790 
J_iso: -2.2873 
[Testing!] DMI: ( 0.0288 -0.0332 -0.0109)
[Testing!]J_ani:
[[-0.034  0.009 -0.016]
 [ 0.009 -0.017  0.01 ]
 [-0.016  0.01  -0.035]]
----------------------------------------------------------------------------------------
   Ni1   Ni1   ( -3,  -1,   0) -0.0037   (-9.737, -3.373,  0.000) 10.305 
J_iso: -0.0037 
[Testing!] DMI: (-0.0006 -0.0019  0.0021)
[Testing!]J_ani:
[[-0.007 -0.002  0.004]
 [-0.002 -0.003 -0.002]
 [ 0.004 -0.002 -0.005]]
----------------------------------------------------------------------------------------
   Ni1   Ni1   ( -2,   1,   0) -0.0047   (-9.737,  3.373,  0.000) 10.305 
J_iso: -0.0047 
[Testing!] DMI: ( 0.0023 -0.0003  0.0055)
[Testing!]J_ani:
[[-0.007  0.002 -0.003]
 [ 0.002 -0.004 -0.002]
 [-0.003 -0.002 -0.003]]
----------------------------------------------------------------------------------------
   Ni1   Ni1   (  2,  -1,   0) -0.0047   ( 9.737, -3.373,  0.000) 10.305 
J_iso: -0.0047 
[Testing!] DMI: (-0.0023  0.0003 -0.0055)
[Testing!]J_ani:
[[-0.007  0.002 -0.003]
 [ 0.002 -0.004 -0.002]
 [-0.003 -0.002 -0.003]]
----------------------------------------------------------------------------------------
   Ni1   Ni1   (  3,   1,   0) -0.0037   ( 9.737,  3.373,  0.000) 10.305 
J_iso: -0.0037 
[Testing!] DMI: ( 0.0006  0.0019 -0.0021)
[Testing!]J_ani:
[[-0.007 -0.002  0.004]
 [-0.002 -0.003 -0.002]
 [ 0.004 -0.002 -0.005]]
----------------------------------------------------------------------------------------
   Ni1   Ni1   ( -3,  -2,   0) -0.0039   (-7.790, -6.746,  0.000) 10.305 
J_iso: -0.0039 
[Testing!] DMI: (-0.0020  0.0006  0.0020)
[Testing!]J_ani:
[[-0.006 -0.002  0.   ]
 [-0.002 -0.004  0.004]
 [ 0.     0.004 -0.006]]
----------------------------------------------------------------------------------------
   Ni1   Ni1   ( -1,   2,   0) -0.0038   (-7.790,  6.746,  0.000) 10.305 
J_iso: -0.0038 
[Testing!] DMI: ( 0.0004  0.0022 -0.0035)
[Testing!]J_ani:
[[-0.006  0.002 -0.   ]
 [ 0.002 -0.004  0.003]
 [-0.     0.003 -0.005]]
----------------------------------------------------------------------------------------
   Ni1   Ni1   (  1,  -2,   0) -0.0038   ( 7.790, -6.746,  0.000) 10.305 
J_iso: -0.0038 
[Testing!] DMI: (-0.0004 -0.0022  0.0035)
[Testing!]J_ani:
[[-0.006  0.002 -0.   ]
 [ 0.002 -0.004  0.003]
 [-0.     0.003 -0.005]]
----------------------------------------------------------------------------------------
   Ni1   Ni1   (  3,   2,   0) -0.0039   ( 7.790,  6.746,  0.000) 10.305 
J_iso: -0.0039 
[Testing!] DMI: ( 0.0020 -0.0006 -0.0020)
[Testing!]J_ani:
[[-0.006 -0.002  0.   ]
 [-0.002 -0.004  0.004]
 [ 0.     0.004 -0.006]]
----------------------------------------------------------------------------------------
   Ni1   Ni1   ( -2,  -3,   0) -0.0046   (-1.947, -10.120,  0.000) 10.305 
J_iso: -0.0046 
[Testing!] DMI: ( 0.0008  0.0023  0.0054)
[Testing!]J_ani:
[[-0.002  0.    -0.003]
 [ 0.    -0.008 -0.002]
 [-0.003 -0.002 -0.003]]
----------------------------------------------------------------------------------------
   Ni1   Ni1   ( -1,  -3,   0) -0.0035   ( 1.947, -10.120,  0.000) 10.305 
J_iso: -0.0035 
[Testing!] DMI: ( 0.0022 -0.0009 -0.0035)
[Testing!]J_ani:
[[-0.002 -0.     0.003]
 [-0.    -0.008 -0.002]
 [ 0.003 -0.002 -0.004]]
----------------------------------------------------------------------------------------
   Ni1   Ni1   (  1,   3,   0) -0.0035   (-1.947, 10.120,  0.000) 10.305 
J_iso: -0.0035 
[Testing!] DMI: (-0.0022  0.0009  0.0035)
[Testing!]J_ani:
[[-0.002 -0.     0.003]
 [-0.    -0.008 -0.002]
 [ 0.003 -0.002 -0.004]]
----------------------------------------------------------------------------------------
   Ni1   Ni1   (  2,   3,   0) -0.0046   ( 1.947, 10.120,  0.000) 10.305 
J_iso: -0.0046 
[Testing!] DMI: (-0.0008 -0.0023 -0.0054)
[Testing!]J_ani:
[[-0.002  0.    -0.003]
 [ 0.    -0.008 -0.002]
 [-0.003 -0.002 -0.003]]
----------------------------------------------------------------------------------------
   Ni1   Ni1   ( -3,   0,   0) -0.1343   (-11.685,  0.000,  0.000) 11.685 
J_iso: -0.1343 
[Testing!] DMI: (-0.0008 -0.0009  0.0027)
[Testing!]J_ani:
[[-0.007  0.     0.   ]
 [ 0.    -0.003  0.002]
 [ 0.     0.002 -0.008]]
----------------------------------------------------------------------------------------
   Ni1   Ni1   (  3,   0,   0) -0.1343   (11.685,  0.000,  0.000) 11.685 
J_iso: -0.1343 
[Testing!] DMI: ( 0.0008  0.0009 -0.0027)
[Testing!]J_ani:
[[-0.007  0.     0.   ]
 [ 0.    -0.003  0.002]
 [ 0.     0.002 -0.008]]
----------------------------------------------------------------------------------------
   Ni1   Ni1   ( -3,  -3,   0) -0.1349   (-5.842, -10.120,  0.000) 11.685 
J_iso: -0.1349 
[Testing!] DMI: (-0.0015 -0.0001  0.0023)
[Testing!]J_ani:
[[-0.004 -0.002  0.002]
 [-0.002 -0.006 -0.   ]
 [ 0.002 -0.    -0.009]]
----------------------------------------------------------------------------------------
   Ni1   Ni1   (  0,  -3,   0) -0.1349   ( 5.842, -10.120,  0.000) 11.685 
J_iso: -0.1349 
[Testing!] DMI: (-0.0007  0.0016 -0.0003)
[Testing!]J_ani:
[[-0.004  0.002 -0.002]
 [ 0.002 -0.006 -0.001]
 [-0.002 -0.001 -0.008]]
----------------------------------------------------------------------------------------
   Ni1   Ni1   (  0,   3,   0) -0.1349   (-5.842, 10.120,  0.000) 11.685 
J_iso: -0.1349 
[Testing!] DMI: ( 0.0007 -0.0016  0.0003)
[Testing!]J_ani:
[[-0.004  0.002 -0.002]
 [ 0.002 -0.006 -0.001]
 [-0.002 -0.001 -0.008]]
----------------------------------------------------------------------------------------
   Ni1   Ni1   (  3,   3,   0) -0.1349   ( 5.842, 10.120,  0.000) 11.685 
J_iso: -0.1349 
[Testing!] DMI: ( 0.0015  0.0001 -0.0023)
[Testing!]J_ani:
[[-0.004 -0.002  0.002]
 [-0.002 -0.006 -0.   ]
 [ 0.002 -0.    -0.009]]
----------------------------------------------------------------------------------------
   Ni1   Ni1   ( -4,  -2,   0)  0.0066   (-11.685, -6.746,  0.000) 13.493 
J_iso:  0.0066 
[Testing!] DMI: (-0.0006 -0.0003  0.0013)
[Testing!]J_ani:
[[-0.001 -0.     0.   ]
 [-0.    -0.001  0.   ]
 [ 0.     0.    -0.002]]
----------------------------------------------------------------------------------------
   Ni1   Ni1   ( -2,   2,   0)  0.0064   (-11.685,  6.746,  0.000) 13.493 
J_iso:  0.0064 
[Testing!] DMI: ( 0.0001 -0.0004  0.0006)
[Testing!]J_ani:
[[-0.001  0.    -0.   ]
 [ 0.    -0.001  0.   ]
 [-0.     0.    -0.001]]
----------------------------------------------------------------------------------------
   Ni1   Ni1   (  2,  -2,   0)  0.0064   (11.685, -6.746,  0.000) 13.493 
J_iso:  0.0064 
[Testing!] DMI: (-0.0001  0.0004 -0.0006)
[Testing!]J_ani:
[[-0.001  0.    -0.   ]
 [ 0.    -0.001  0.   ]
 [-0.     0.    -0.001]]
----------------------------------------------------------------------------------------
   Ni1   Ni1   (  4,   2,   0)  0.0066   (11.685,  6.746,  0.000) 13.493 
J_iso:  0.0066 
[Testing!] DMI: ( 0.0006  0.0003 -0.0013)
[Testing!]J_ani:
[[-0.001 -0.     0.   ]
 [-0.    -0.001  0.   ]
 [ 0.     0.    -0.002]]
----------------------------------------------------------------------------------------
   Ni1   Ni1   ( -2,  -4,   0)  0.0064   ( 0.000, -13.493,  0.000) 13.493 
J_iso:  0.0064 
[Testing!] DMI: (-0.0003  0.0003  0.0006)
[Testing!]J_ani:
[[-0.    -0.    -0.   ]
 [-0.    -0.002 -0.   ]
 [-0.    -0.    -0.   ]]
----------------------------------------------------------------------------------------
   Ni1   Ni1   (  2,   4,   0)  0.0064   ( 0.000, 13.493,  0.000) 13.493 
J_iso:  0.0064 
[Testing!] DMI: ( 0.0003 -0.0003 -0.0006)
[Testing!]J_ani:
[[-0.    -0.    -0.   ]
 [-0.    -0.002 -0.   ]
 [-0.    -0.    -0.   ]]
----------------------------------------------------------------------------------------
   Ni1   Ni1   ( -4,  -1,   0) -0.0012   (-13.632, -3.373,  0.000) 14.044 
J_iso: -0.0012 
[Testing!] DMI: (-0.0002 -0.0002  0.0004)
[Testing!]J_ani:
[[-0.001 -0.     0.   ]
 [-0.    -0.001 -0.   ]
 [ 0.    -0.     0.   ]]
----------------------------------------------------------------------------------------
   Ni1   Ni1   ( -3,   1,   0) -0.0014   (-13.632,  3.373,  0.000) 14.044 
J_iso: -0.0014 
[Testing!] DMI: ( 0.0002 -0.0000  0.0006)
[Testing!]J_ani:
[[-0.001  0.    -0.   ]
 [ 0.    -0.001 -0.   ]
 [-0.    -0.     0.   ]]
----------------------------------------------------------------------------------------
   Ni1   Ni1   (  3,  -1,   0) -0.0014   (13.632, -3.373,  0.000) 14.044 
J_iso: -0.0014 
[Testing!] DMI: (-0.0002  0.0000 -0.0006)
[Testing!]J_ani:
[[-0.001  0.    -0.   ]
 [ 0.    -0.001 -0.   ]
 [-0.    -0.     0.   ]]
----------------------------------------------------------------------------------------
   Ni1   Ni1   (  4,   1,   0) -0.0012   (13.632,  3.373,  0.000) 14.044 
J_iso: -0.0012 
[Testing!] DMI: ( 0.0002  0.0002 -0.0004)
[Testing!]J_ani:
[[-0.001 -0.     0.   ]
 [-0.    -0.001 -0.   ]
 [ 0.    -0.     0.   ]]
----------------------------------------------------------------------------------------
   Ni1   Ni1   ( -4,  -3,   0) -0.0012   (-9.737, -10.120,  0.000) 14.044 
J_iso: -0.0012 
[Testing!] DMI: (-0.0003  0.0000  0.0005)
[Testing!]J_ani:
[[-0.001 -0.    -0.   ]
 [-0.    -0.001  0.001]
 [-0.     0.001 -0.   ]]
----------------------------------------------------------------------------------------
   Ni1   Ni1   ( -1,   3,   0) -0.0014   (-9.737, 10.120,  0.000) 14.044 
J_iso: -0.0014 
[Testing!] DMI: ( 0.0002  0.0002 -0.0002)
[Testing!]J_ani:
[[-0.001  0.     0.   ]
 [ 0.    -0.001  0.   ]
 [ 0.     0.     0.   ]]
----------------------------------------------------------------------------------------
   Ni1   Ni1   (  1,  -3,   0) -0.0014   ( 9.737, -10.120,  0.000) 14.044 
J_iso: -0.0014 
[Testing!] DMI: (-0.0002 -0.0002  0.0002)
[Testing!]J_ani:
[[-0.001  0.     0.   ]
 [ 0.    -0.001  0.   ]
 [ 0.     0.     0.   ]]
----------------------------------------------------------------------------------------
   Ni1   Ni1   (  4,   3,   0) -0.0012   ( 9.737, 10.120,  0.000) 14.044 
J_iso: -0.0012 
[Testing!] DMI: ( 0.0003 -0.0000 -0.0005)
[Testing!]J_ani:
[[-0.001 -0.    -0.   ]
 [-0.    -0.001  0.001]
 [-0.     0.001 -0.   ]]
----------------------------------------------------------------------------------------
   Ni1   Ni1   ( -3,  -4,   0) -0.0013   (-3.895, -13.493,  0.000) 14.044 
J_iso: -0.0013 
[Testing!] DMI: ( 0.0001  0.0002  0.0005)
[Testing!]J_ani:
[[-0.001  0.    -0.   ]
 [ 0.    -0.001 -0.   ]
 [-0.    -0.     0.   ]]
----------------------------------------------------------------------------------------
   Ni1   Ni1   ( -1,  -4,   0) -0.0012   ( 3.895, -13.493,  0.000) 14.044 
J_iso: -0.0012 
[Testing!] DMI: ( 0.0002  0.0001 -0.0002)
[Testing!]J_ani:
[[-0.001 -0.     0.   ]
 [-0.    -0.001 -0.   ]
 [ 0.    -0.     0.   ]]
----------------------------------------------------------------------------------------
   Ni1   Ni1   (  1,   4,   0) -0.0012   (-3.895, 13.493,  0.000) 14.044 
J_iso: -0.0012 
[Testing!] DMI: (-0.0002 -0.0001  0.0002)
[Testing!]J_ani:
[[-0.001 -0.     0.   ]
 [-0.    -0.001 -0.   ]
 [ 0.    -0.     0.   ]]
----------------------------------------------------------------------------------------
   Ni1   Ni1   (  3,   4,   0) -0.0013   ( 3.895, 13.493,  0.000) 14.044 
J_iso: -0.0013 
[Testing!] DMI: (-0.0001 -0.0002 -0.0005)
[Testing!]J_ani:
[[-0.001  0.    -0.   ]
 [ 0.    -0.001 -0.   ]
 [-0.    -0.     0.   ]]
----------------------------------------------------------------------------------------
   Ni1   Ni1   ( -4,   0,   0)  0.0153   (-15.580,  0.000,  0.000) 15.580 
J_iso:  0.0153 
[Testing!] DMI: (-0.0000  0.0003  0.0000)
[Testing!]J_ani:
[[-0.002 -0.    -0.   ]
 [-0.    -0.001  0.001]
 [-0.     0.001 -0.001]]
----------------------------------------------------------------------------------------
   Ni1   Ni1   (  4,   0,   0)  0.0153   (15.580,  0.000,  0.000) 15.580 
J_iso:  0.0153 
[Testing!] DMI: ( 0.0000 -0.0003 -0.0000)
[Testing!]J_ani:
[[-0.002 -0.    -0.   ]
 [-0.    -0.001  0.001]
 [-0.     0.001 -0.001]]
----------------------------------------------------------------------------------------
   Ni1   Ni1   ( -4,  -4,   0)  0.0144   (-7.790, -13.493,  0.000) 15.580 
J_iso:  0.0144 
[Testing!] DMI: ( 0.0001 -0.0001 -0.0001)
[Testing!]J_ani:
[[-0.001 -0.     0.001]
 [-0.    -0.002 -0.   ]
 [ 0.001 -0.    -0.001]]
----------------------------------------------------------------------------------------
   Ni1   Ni1   (  0,  -4,   0)  0.0143   ( 7.790, -13.493,  0.000) 15.580 
J_iso:  0.0143 
[Testing!] DMI: ( 0.0002  0.0002 -0.0002)
[Testing!]J_ani:
[[-0.001  0.    -0.001]
 [ 0.    -0.002 -0.   ]
 [-0.001 -0.    -0.001]]
----------------------------------------------------------------------------------------
   Ni1   Ni1   (  0,   4,   0)  0.0143   (-7.790, 13.493,  0.000) 15.580 
J_iso:  0.0143 
[Testing!] DMI: (-0.0002 -0.0002  0.0002)
[Testing!]J_ani:
[[-0.001  0.    -0.001]
 [ 0.    -0.002 -0.   ]
 [-0.001 -0.    -0.001]]
----------------------------------------------------------------------------------------
   Ni1   Ni1   (  4,   4,   0)  0.0144   ( 7.790, 13.493,  0.000) 15.580 
J_iso:  0.0144 
[Testing!] DMI: (-0.0001  0.0001  0.0001)
[Testing!]J_ani:
[[-0.001 -0.     0.001]
 [-0.    -0.002 -0.   ]
 [ 0.001 -0.    -0.001]]
----------------------------------------------------------------------------------------
   Ni1   Ni1   ( -5,  -2,   0)  0.0006   (-15.580, -6.746,  0.000) 16.978 
J_iso:  0.0006 
[Testing!] DMI: ( 0.0000 -0.0000  0.0002)
[Testing!]J_ani:
[[-0. -0.  0.]
 [-0. -0. -0.]
 [ 0. -0. -0.]]
----------------------------------------------------------------------------------------
   Ni1   Ni1   ( -3,   2,   0)  0.0007   (-15.580,  6.746,  0.000) 16.978 
J_iso:  0.0007 
[Testing!] DMI: ( 0.0000 -0.0001  0.0001)
[Testing!]J_ani:
[[-0.  0. -0.]
 [ 0. -0. -0.]
 [-0. -0. -0.]]
----------------------------------------------------------------------------------------
   Ni1   Ni1   (  3,  -2,   0)  0.0007   (15.580, -6.746,  0.000) 16.978 
J_iso:  0.0007 
[Testing!] DMI: (-0.0000  0.0001 -0.0001)
[Testing!]J_ani:
[[-0.  0. -0.]
 [ 0. -0. -0.]
 [-0. -0. -0.]]
----------------------------------------------------------------------------------------
   Ni1   Ni1   (  5,   2,   0)  0.0006   (15.580,  6.746,  0.000) 16.978 
J_iso:  0.0006 
[Testing!] DMI: (-0.0000  0.0000 -0.0002)
[Testing!]J_ani:
[[-0. -0.  0.]
 [-0. -0. -0.]
 [ 0. -0. -0.]]
----------------------------------------------------------------------------------------
   Ni1   Ni1   ( -5,  -3,   0)  0.0006   (-13.632, -10.120,  0.000) 16.978 
J_iso:  0.0006 
[Testing!] DMI: (-0.0000  0.0000  0.0002)
[Testing!]J_ani:
[[-0. -0. -0.]
 [-0. -0.  0.]
 [-0.  0. -0.]]
----------------------------------------------------------------------------------------
   Ni1   Ni1   ( -2,   3,   0)  0.0007   (-13.632, 10.120,  0.000) 16.978 
J_iso:  0.0007 
[Testing!] DMI: (-0.0001  0.0000  0.0001)
[Testing!]J_ani:
[[-0.  0.  0.]
 [ 0. -0.  0.]
 [ 0.  0. -0.]]
----------------------------------------------------------------------------------------
   Ni1   Ni1   (  2,  -3,   0)  0.0007   (13.632, -10.120,  0.000) 16.978 
J_iso:  0.0007 
[Testing!] DMI: ( 0.0001 -0.0000 -0.0001)
[Testing!]J_ani:
[[-0.  0.  0.]
 [ 0. -0.  0.]
 [ 0.  0. -0.]]
----------------------------------------------------------------------------------------
   Ni1   Ni1   (  5,   3,   0)  0.0006   (13.632, 10.120,  0.000) 16.978 
J_iso:  0.0006 
[Testing!] DMI: ( 0.0000 -0.0000 -0.0002)
[Testing!]J_ani:
[[-0. -0. -0.]
 [-0. -0.  0.]
 [-0.  0. -0.]]
----------------------------------------------------------------------------------------
   Ni1   Ni1   ( -3,  -5,   0)  0.0006   (-1.947, -16.866,  0.000) 16.978 
J_iso:  0.0006 
[Testing!] DMI: (-0.0000  0.0000  0.0001)
[Testing!]J_ani:
[[-0. -0. -0.]
 [-0. -0. -0.]
 [-0. -0.  0.]]
----------------------------------------------------------------------------------------
   Ni1   Ni1   ( -2,  -5,   0)  0.0006   ( 1.947, -16.866,  0.000) 16.978 
J_iso:  0.0006 
[Testing!] DMI: ( 0.0000 -0.0000  0.0001)
[Testing!]J_ani:
[[-0.  0.  0.]
 [ 0. -0.  0.]
 [ 0.  0. -0.]]
----------------------------------------------------------------------------------------
   Ni1   Ni1   (  2,   5,   0)  0.0006   (-1.947, 16.866,  0.000) 16.978 
J_iso:  0.0006 
[Testing!] DMI: (-0.0000  0.0000 -0.0001)
[Testing!]J_ani:
[[-0.  0.  0.]
 [ 0. -0.  0.]
 [ 0.  0. -0.]]
----------------------------------------------------------------------------------------
   Ni1   Ni1   (  3,   5,   0)  0.0006   ( 1.947, 16.866,  0.000) 16.978 
J_iso:  0.0006 
[Testing!] DMI: ( 0.0000 -0.0000 -0.0001)
[Testing!]J_ani:
[[-0. -0. -0.]
 [-0. -0. -0.]
 [-0. -0.  0.]]
----------------------------------------------------------------------------------------
   Ni1   Ni1   ( -5,  -1,   0)  0.0004   (-17.527, -3.373,  0.000) 17.849 
J_iso:  0.0004 
[Testing!] DMI: (-0.0000 -0.0000 -0.0000)
[Testing!]J_ani:
[[-0.  0. -0.]
 [ 0. -0.  0.]
 [-0.  0. -0.]]
----------------------------------------------------------------------------------------
   Ni1   Ni1   ( -4,   1,   0)  0.0003   (-17.527,  3.373,  0.000) 17.849 
J_iso:  0.0003 
[Testing!] DMI: ( 0.0000 -0.0001  0.0000)
[Testing!]J_ani:
[[-0. -0.  0.]
 [-0. -0.  0.]
 [ 0.  0. -0.]]
----------------------------------------------------------------------------------------
   Ni1   Ni1   (  4,  -1,   0)  0.0003   (17.527, -3.373,  0.000) 17.849 
J_iso:  0.0003 
[Testing!] DMI: (-0.0000  0.0001 -0.0000)
[Testing!]J_ani:
[[-0. -0.  0.]
 [-0. -0.  0.]
 [ 0.  0. -0.]]
----------------------------------------------------------------------------------------
   Ni1   Ni1   (  5,   1,   0)  0.0004   (17.527,  3.373,  0.000) 17.849 
J_iso:  0.0004 
[Testing!] DMI: ( 0.0000  0.0000  0.0000)
[Testing!]J_ani:
[[-0.  0. -0.]
 [ 0. -0.  0.]
 [-0.  0. -0.]]
----------------------------------------------------------------------------------------
   Ni1   Ni1   ( -5,  -4,   0)  0.0004   (-11.685, -13.493,  0.000) 17.849 
J_iso:  0.0004 
[Testing!] DMI: (-0.0000  0.0000  0.0000)
[Testing!]J_ani:
[[-0.  0. -0.]
 [ 0. -0. -0.]
 [-0. -0. -0.]]
----------------------------------------------------------------------------------------
   Ni1   Ni1   (  5,   4,   0)  0.0004   (11.685, 13.493,  0.000) 17.849 
J_iso:  0.0004 
[Testing!] DMI: ( 0.0000 -0.0000 -0.0000)
[Testing!]J_ani:
[[-0.  0. -0.]
 [ 0. -0. -0.]
 [-0. -0. -0.]]
----------------------------------------------------------------------------------------
   Ni1   Ni1   ( -1,   4,   0)  0.0003   (-11.685, 13.493,  0.000) 17.849 
J_iso:  0.0003 
[Testing!] DMI: (-0.0000 -0.0000 -0.0000)
[Testing!]J_ani:
[[-0. -0.  0.]
 [-0. -0. -0.]
 [ 0. -0. -0.]]
----------------------------------------------------------------------------------------
   Ni1   Ni1   (  1,  -4,   0)  0.0003   (11.685, -13.493,  0.000) 17.849 
J_iso:  0.0003 
[Testing!] DMI: ( 0.0000  0.0000  0.0000)
[Testing!]J_ani:
[[-0. -0.  0.]
 [-0. -0. -0.]
 [ 0. -0. -0.]]
----------------------------------------------------------------------------------------
   Ni1   Ni1   ( -4,  -5,   0)  0.0004   (-5.842, -16.866,  0.000) 17.849 
J_iso:  0.0004 
[Testing!] DMI: (-0.0001  0.0001  0.0000)
[Testing!]J_ani:
[[-0.  0.  0.]
 [ 0. -0.  0.]
 [ 0.  0. -0.]]
----------------------------------------------------------------------------------------
   Ni1   Ni1   ( -1,  -5,   0)  0.0003   ( 5.842, -16.866,  0.000) 17.849 
J_iso:  0.0003 
[Testing!] DMI: (-0.0000 -0.0001 -0.0000)
[Testing!]J_ani:
[[-0. -0. -0.]
 [-0. -0.  0.]
 [-0.  0. -0.]]
----------------------------------------------------------------------------------------
   Ni1   Ni1   (  1,   5,   0)  0.0003   (-5.842, 16.866,  0.000) 17.849 
J_iso:  0.0003 
[Testing!] DMI: ( 0.0000  0.0001  0.0000)
[Testing!]J_ani:
[[-0. -0. -0.]
 [-0. -0.  0.]
 [-0.  0. -0.]]
----------------------------------------------------------------------------------------
   Ni1   Ni1   (  4,   5,   0)  0.0004   ( 5.842, 16.866,  0.000) 17.849 
J_iso:  0.0004 
[Testing!] DMI: ( 0.0001 -0.0001 -0.0000)
[Testing!]J_ani:
[[-0.  0.  0.]
 [ 0. -0.  0.]
 [ 0.  0. -0.]]
----------------------------------------------------------------------------------------
   Ni1   Ni1   ( -5,   0,   0)  0.0094   (-19.475,  0.000,  0.000) 19.475 
J_iso:  0.0094 
[Testing!] DMI: ( 0.0000  0.0000 -0.0001)
[Testing!]J_ani:
[[-0.     0.     0.   ]
 [ 0.    -0.001  0.   ]
 [ 0.     0.    -0.   ]]
----------------------------------------------------------------------------------------
   Ni1   Ni1   (  5,   0,   0)  0.0094   (19.475,  0.000,  0.000) 19.475 
J_iso:  0.0094 
[Testing!] DMI: (-0.0000 -0.0000  0.0001)
[Testing!]J_ani:
[[-0.     0.     0.   ]
 [ 0.    -0.001  0.   ]
 [ 0.     0.    -0.   ]]
----------------------------------------------------------------------------------------
   Ni1   Ni1   ( -5,  -5,   0)  0.0091   (-9.737, -16.866,  0.000) 19.475 
J_iso:  0.0091 
[Testing!] DMI: ( 0.0000 -0.0000 -0.0001)
[Testing!]J_ani:
[[-0.001 -0.     0.   ]
 [-0.    -0.    -0.   ]
 [ 0.    -0.    -0.   ]]
----------------------------------------------------------------------------------------
   Ni1   Ni1   (  0,  -5,   0)  0.0092   ( 9.737, -16.866,  0.000) 19.475 
J_iso:  0.0092 
[Testing!] DMI: (-0.0000 -0.0000  0.0001)
[Testing!]J_ani:
[[-0.001  0.    -0.   ]
 [ 0.    -0.001 -0.   ]
 [-0.    -0.    -0.   ]]
----------------------------------------------------------------------------------------
   Ni1   Ni1   (  0,   5,   0)  0.0092   (-9.737, 16.866,  0.000) 19.475 
J_iso:  0.0092 
[Testing!] DMI: ( 0.0000  0.0000 -0.0001)
[Testing!]J_ani:
[[-0.001  0.    -0.   ]
 [ 0.    -0.001 -0.   ]
 [-0.    -0.    -0.   ]]
----------------------------------------------------------------------------------------
   Ni1   Ni1   (  5,   5,   0)  0.0091   ( 9.737, 16.866,  0.000) 19.475 
J_iso:  0.0091 
[Testing!] DMI: (-0.0000  0.0000  0.0001)
[Testing!]J_ani:
[[-0.001 -0.     0.   ]
 [-0.    -0.    -0.   ]
 [ 0.    -0.    -0.   ]]
----------------------------------------------------------------------------------------
   Ni1   Ni1   ( -3,   3,   0)  0.0001   (-17.527, 10.120,  0.000) 20.239 
J_iso:  0.0001 
[Testing!] DMI: ( 0.0000  0.0000  0.0000)
[Testing!]J_ani:
[[-0.  0.  0.]
 [ 0.  0. -0.]
 [ 0. -0. -0.]]
----------------------------------------------------------------------------------------
   Ni1   Ni1   (  3,  -3,   0)  0.0001   (17.527, -10.120,  0.000) 20.239 
J_iso:  0.0001 
[Testing!] DMI: (-0.0000 -0.0000 -0.0000)
[Testing!]J_ani:
[[-0.  0.  0.]
 [ 0.  0. -0.]
 [ 0. -0. -0.]]
----------------------------------------------------------------------------------------
   Ni1   Ni1   ( -4,   2,   0)  0.0001   (-19.475,  6.746,  0.000) 20.610 
J_iso:  0.0001 
[Testing!] DMI: ( 0.0000 -0.0000  0.0000)
[Testing!]J_ani:
[[-0. -0. -0.]
 [-0. -0. -0.]
 [-0. -0. -0.]]
----------------------------------------------------------------------------------------
   Ni1   Ni1   (  4,  -2,   0)  0.0001   (19.475, -6.746,  0.000) 20.610 
J_iso:  0.0001 
[Testing!] DMI: (-0.0000  0.0000 -0.0000)
[Testing!]J_ani:
[[-0. -0. -0.]
 [-0. -0. -0.]
 [-0. -0. -0.]]
----------------------------------------------------------------------------------------
   Ni1   Ni1   ( -2,   4,   0)  0.0001   (-15.580, 13.493,  0.000) 20.610 
J_iso:  0.0001 
[Testing!] DMI: (-0.0000 -0.0000  0.0000)
[Testing!]J_ani:
[[-0. -0.  0.]
 [-0. -0.  0.]
 [ 0.  0. -0.]]
----------------------------------------------------------------------------------------
   Ni1   Ni1   (  2,  -4,   0)  0.0001   (15.580, -13.493,  0.000) 20.610 
J_iso:  0.0001 
[Testing!] DMI: ( 0.0000  0.0000 -0.0000)
[Testing!]J_ani:
[[-0. -0.  0.]
 [-0. -0.  0.]
 [ 0.  0. -0.]]
----------------------------------------------------------------------------------------
   Ni1   Ni1   ( -5,   1,   0)  0.0005   (-21.422,  3.373,  0.000) 21.686 
J_iso:  0.0005 
[Testing!] DMI: ( 0.0000 -0.0000  0.0000)
[Testing!]J_ani:
[[-0.  0. -0.]
 [ 0. -0.  0.]
 [-0.  0. -0.]]
----------------------------------------------------------------------------------------
   Ni1   Ni1   (  5,  -1,   0)  0.0005   (21.422, -3.373,  0.000) 21.686 
J_iso:  0.0005 
[Testing!] DMI: (-0.0000  0.0000 -0.0000)
[Testing!]J_ani:
[[-0.  0. -0.]
 [ 0. -0.  0.]
 [-0.  0. -0.]]
----------------------------------------------------------------------------------------
   Ni1   Ni1   ( -1,   5,   0)  0.0004   (-13.632, 16.866,  0.000) 21.686 
J_iso:  0.0004 
[Testing!] DMI: (-0.0000 -0.0000 -0.0000)
[Testing!]J_ani:
[[-0. -0. -0.]
 [-0. -0. -0.]
 [-0. -0. -0.]]
----------------------------------------------------------------------------------------
   Ni1   Ni1   (  1,  -5,   0)  0.0004   (13.632, -16.866,  0.000) 21.686 
J_iso:  0.0004 
[Testing!] DMI: ( 0.0000  0.0000  0.0000)
[Testing!]J_ani:
[[-0. -0. -0.]
 [-0. -0. -0.]
 [-0. -0. -0.]]
----------------------------------------------------------------------------------------
   Ni1   Ni1   ( -4,   3,   0)  0.0001   (-21.422, 10.120,  0.000) 23.692 
J_iso:  0.0001 
[Testing!] DMI: (-0.0000  0.0000 -0.0000)
[Testing!]J_ani:
[[-0.  0.  0.]
 [ 0. -0. -0.]
 [ 0. -0. -0.]]
----------------------------------------------------------------------------------------
   Ni1   Ni1   (  4,  -3,   0)  0.0001   (21.422, -10.120,  0.000) 23.692 
J_iso:  0.0001 
[Testing!] DMI: ( 0.0000 -0.0000  0.0000)
[Testing!]J_ani:
[[-0.  0.  0.]
 [ 0. -0. -0.]
 [ 0. -0. -0.]]
----------------------------------------------------------------------------------------
   Ni1   Ni1   ( -3,   4,   0)  0.0001   (-19.475, 13.493,  0.000) 23.692 
J_iso:  0.0001 
[Testing!] DMI: ( 0.0000  0.0000  0.0000)
[Testing!]J_ani:
[[-0. -0.  0.]
 [-0. -0.  0.]
 [ 0.  0. -0.]]
----------------------------------------------------------------------------------------
   Ni1   Ni1   (  3,  -4,   0)  0.0001   (19.475, -13.493,  0.000) 23.692 
J_iso:  0.0001 
[Testing!] DMI: (-0.0000 -0.0000 -0.0000)
[Testing!]J_ani:
[[-0. -0.  0.]
 [-0. -0.  0.]
 [ 0.  0. -0.]]
----------------------------------------------------------------------------------------
   Ni1   Ni1   ( -5,   2,   0)  0.0001   (-23.370,  6.746,  0.000) 24.324 
J_iso:  0.0001 
[Testing!] DMI: (-0.0000 -0.0000 -0.0000)
[Testing!]J_ani:
[[-0.  0. -0.]
 [ 0. -0. -0.]
 [-0. -0. -0.]]
----------------------------------------------------------------------------------------
   Ni1   Ni1   (  5,  -2,   0)  0.0001   (23.370, -6.746,  0.000) 24.324 
J_iso:  0.0001 
[Testing!] DMI: ( 0.0000  0.0000  0.0000)
[Testing!]J_ani:
[[-0.  0. -0.]
 [ 0. -0. -0.]
 [-0. -0. -0.]]
----------------------------------------------------------------------------------------
   Ni1   Ni1   ( -2,   5,   0)  0.0001   (-17.527, 16.866,  0.000) 24.324 
J_iso:  0.0001 
[Testing!] DMI: (-0.0000 -0.0000  0.0000)
[Testing!]J_ani:
[[-0. -0.  0.]
 [-0. -0.  0.]
 [ 0.  0. -0.]]
----------------------------------------------------------------------------------------
   Ni1   Ni1   (  2,  -5,   0)  0.0001   (17.527, -16.866,  0.000) 24.324 
J_iso:  0.0001 
[Testing!] DMI: ( 0.0000  0.0000 -0.0000)
[Testing!]J_ani:
[[-0. -0.  0.]
 [-0. -0.  0.]
 [ 0.  0. -0.]]
----------------------------------------------------------------------------------------
   Ni1   Ni1   ( -4,   4,   0)  0.0001   (-23.370, 13.493,  0.000) 26.985 
J_iso:  0.0001 
[Testing!] DMI: ( 0.0000 -0.0000 -0.0000)
[Testing!]J_ani:
[[-0.  0. -0.]
 [ 0. -0.  0.]
 [-0.  0. -0.]]
----------------------------------------------------------------------------------------
   Ni1   Ni1   (  4,  -4,   0)  0.0001   (23.370, -13.493,  0.000) 26.985 
J_iso:  0.0001 
[Testing!] DMI: (-0.0000  0.0000  0.0000)
[Testing!]J_ani:
[[-0.  0. -0.]
 [ 0. -0.  0.]
 [-0.  0. -0.]]
----------------------------------------------------------------------------------------
   Ni1   Ni1   ( -5,   3,   0)  0.0001   (-25.317, 10.120,  0.000) 27.265 
J_iso:  0.0001 
[Testing!] DMI: (-0.0000 -0.0000 -0.0001)
[Testing!]J_ani:
[[-0. -0. -0.]
 [-0.  0. -0.]
 [-0. -0. -0.]]
----------------------------------------------------------------------------------------
   Ni1   Ni1   (  5,  -3,   0)  0.0001   (25.317, -10.120,  0.000) 27.265 
J_iso:  0.0001 
[Testing!] DMI: ( 0.0000  0.0000  0.0001)
[Testing!]J_ani:
[[-0. -0. -0.]
 [-0.  0. -0.]
 [-0. -0. -0.]]
----------------------------------------------------------------------------------------
   Ni1   Ni1   ( -3,   5,   0)  0.0001   (-21.422, 16.866,  0.000) 27.265 
J_iso:  0.0001 
[Testing!] DMI: ( 0.0000 -0.0000  0.0000)
[Testing!]J_ani:
[[ 0.  0. -0.]
 [ 0. -0.  0.]
 [-0.  0. -0.]]
----------------------------------------------------------------------------------------
   Ni1   Ni1   (  3,  -5,   0)  0.0001   (21.422, -16.866,  0.000) 27.265 
J_iso:  0.0001 
[Testing!] DMI: (-0.0000  0.0000 -0.0000)
[Testing!]J_ani:
[[ 0.  0. -0.]
 [ 0. -0.  0.]
 [-0.  0. -0.]]
